mode: atomic
github.com/owenthereal/upterm/memlistener/memlistener.go:22.30,22.46 1 0
github.com/owenthereal/upterm/memlistener/memlistener.go:23.30,23.46 1 3
github.com/owenthereal/upterm/memlistener/memlistener.go:29.49,31.2 1 2
github.com/owenthereal/upterm/memlistener/memlistener.go:37.45,39.2 1 2
github.com/owenthereal/upterm/memlistener/memlistener.go:41.28,43.2 1 3
github.com/owenthereal/upterm/memlistener/memlistener.go:49.80,51.2 1 3
github.com/owenthereal/upterm/memlistener/memlistener.go:53.91,54.17 1 3
github.com/owenthereal/upterm/memlistener/memlistener.go:60.2,60.19 1 3
github.com/owenthereal/upterm/memlistener/memlistener.go:64.2,70.12 3 3
github.com/owenthereal/upterm/memlistener/memlistener.go:74.2,74.35 1 2
github.com/owenthereal/upterm/memlistener/memlistener.go:55.23,55.23 0 3
github.com/owenthereal/upterm/memlistener/memlistener.go:56.10,57.121 1 0
github.com/owenthereal/upterm/memlistener/memlistener.go:60.19,62.3 1 0
github.com/owenthereal/upterm/memlistener/memlistener.go:70.12,72.3 1 1
github.com/owenthereal/upterm/memlistener/memlistener.go:77.74,78.17 1 1
github.com/owenthereal/upterm/memlistener/memlistener.go:84.2,84.19 1 1
github.com/owenthereal/upterm/memlistener/memlistener.go:88.2,89.12 2 1
github.com/owenthereal/upterm/memlistener/memlistener.go:93.2,95.18 2 0
github.com/owenthereal/upterm/memlistener/memlistener.go:79.23,79.23 0 1
github.com/owenthereal/upterm/memlistener/memlistener.go:80.10,81.122 1 0
github.com/owenthereal/upterm/memlistener/memlistener.go:84.19,86.3 1 0
github.com/owenthereal/upterm/memlistener/memlistener.go:89.12,91.3 1 1
github.com/owenthereal/upterm/memlistener/memlistener.go:98.57,100.2 1 2
github.com/owenthereal/upterm/memlistener/memlistener.go:108.37,111.2 2 2
github.com/owenthereal/upterm/host/api/api.pb.go:44.42,46.2 1 0
github.com/owenthereal/upterm/host/api/api.pb.go:48.57,50.2 1 0
github.com/owenthereal/upterm/host/api/api.pb.go:58.45,58.73 1 0
github.com/owenthereal/upterm/host/api/api.pb.go:59.45,59.82 1 0
github.com/owenthereal/upterm/host/api/api.pb.go:60.46,60.47 0 0
github.com/owenthereal/upterm/host/api/api.pb.go:61.56,63.2 1 0
github.com/owenthereal/upterm/host/api/api.pb.go:65.59,67.2 1 0
github.com/owenthereal/upterm/host/api/api.pb.go:68.87,70.2 1 0
github.com/owenthereal/upterm/host/api/api.pb.go:71.58,73.2 1 0
github.com/owenthereal/upterm/host/api/api.pb.go:74.44,76.2 1 0
github.com/owenthereal/upterm/host/api/api.pb.go:77.50,79.2 1 0
github.com/owenthereal/upterm/host/api/api.pb.go:95.46,95.75 1 0
github.com/owenthereal/upterm/host/api/api.pb.go:96.46,96.83 1 0
github.com/owenthereal/upterm/host/api/api.pb.go:97.47,97.48 0 0
github.com/owenthereal/upterm/host/api/api.pb.go:98.57,100.2 1 0
github.com/owenthereal/upterm/host/api/api.pb.go:102.60,104.2 1 0
github.com/owenthereal/upterm/host/api/api.pb.go:105.88,107.2 1 0
github.com/owenthereal/upterm/host/api/api.pb.go:108.59,110.2 1 0
github.com/owenthereal/upterm/host/api/api.pb.go:111.45,113.2 1 0
github.com/owenthereal/upterm/host/api/api.pb.go:114.51,116.2 1 0
github.com/owenthereal/upterm/host/api/api.pb.go:120.52,121.14 1 0
github.com/owenthereal/upterm/host/api/api.pb.go:124.2,124.11 1 0
github.com/owenthereal/upterm/host/api/api.pb.go:121.14,123.3 1 0
github.com/owenthereal/upterm/host/api/api.pb.go:127.52,128.14 1 0
github.com/owenthereal/upterm/host/api/api.pb.go:131.2,131.12 1 0
github.com/owenthereal/upterm/host/api/api.pb.go:128.14,130.3 1 0
github.com/owenthereal/upterm/host/api/api.pb.go:134.57,135.14 1 0
github.com/owenthereal/upterm/host/api/api.pb.go:138.2,138.12 1 0
github.com/owenthereal/upterm/host/api/api.pb.go:135.14,137.3 1 0
github.com/owenthereal/upterm/host/api/api.pb.go:141.47,142.14 1 0
github.com/owenthereal/upterm/host/api/api.pb.go:145.2,145.11 1 0
github.com/owenthereal/upterm/host/api/api.pb.go:142.14,144.3 1 0
github.com/owenthereal/upterm/host/api/api.pb.go:148.51,149.14 1 0
github.com/owenthereal/upterm/host/api/api.pb.go:152.2,152.11 1 0
github.com/owenthereal/upterm/host/api/api.pb.go:149.14,151.3 1 0
github.com/owenthereal/upterm/host/api/api.pb.go:155.62,156.14 1 0
github.com/owenthereal/upterm/host/api/api.pb.go:159.2,159.12 1 0
github.com/owenthereal/upterm/host/api/api.pb.go:156.14,158.3 1 0
github.com/owenthereal/upterm/host/api/api.pb.go:172.34,172.51 1 0
github.com/owenthereal/upterm/host/api/api.pb.go:173.34,173.71 1 0
github.com/owenthereal/upterm/host/api/api.pb.go:174.35,174.36 0 0
github.com/owenthereal/upterm/host/api/api.pb.go:175.45,177.2 1 0
github.com/owenthereal/upterm/host/api/api.pb.go:179.48,181.2 1 0
github.com/owenthereal/upterm/host/api/api.pb.go:182.76,184.2 1 0
github.com/owenthereal/upterm/host/api/api.pb.go:185.47,187.2 1 0
github.com/owenthereal/upterm/host/api/api.pb.go:188.33,190.2 1 0
github.com/owenthereal/upterm/host/api/api.pb.go:191.39,193.2 1 0
github.com/owenthereal/upterm/host/api/api.pb.go:197.33,198.14 1 0
github.com/owenthereal/upterm/host/api/api.pb.go:201.2,201.11 1 0
github.com/owenthereal/upterm/host/api/api.pb.go:198.14,200.3 1 0
github.com/owenthereal/upterm/host/api/api.pb.go:204.38,205.14 1 0
github.com/owenthereal/upterm/host/api/api.pb.go:208.2,208.11 1 0
github.com/owenthereal/upterm/host/api/api.pb.go:205.14,207.3 1 0
github.com/owenthereal/upterm/host/api/api.pb.go:211.35,212.14 1 0
github.com/owenthereal/upterm/host/api/api.pb.go:215.2,215.11 1 0
github.com/owenthereal/upterm/host/api/api.pb.go:212.14,214.3 1 0
github.com/owenthereal/upterm/host/api/api.pb.go:218.51,219.14 1 0
github.com/owenthereal/upterm/host/api/api.pb.go:222.2,222.11 1 0
github.com/owenthereal/upterm/host/api/api.pb.go:219.14,221.3 1 0
github.com/owenthereal/upterm/host/api/api.pb.go:234.38,234.59 1 0
github.com/owenthereal/upterm/host/api/api.pb.go:235.38,235.75 1 0
github.com/owenthereal/upterm/host/api/api.pb.go:236.39,236.40 0 0
github.com/owenthereal/upterm/host/api/api.pb.go:237.49,239.2 1 0
github.com/owenthereal/upterm/host/api/api.pb.go:241.52,243.2 1 0
github.com/owenthereal/upterm/host/api/api.pb.go:244.80,246.2 1 0
github.com/owenthereal/upterm/host/api/api.pb.go:247.51,249.2 1 0
github.com/owenthereal/upterm/host/api/api.pb.go:250.37,252.2 1 0
github.com/owenthereal/upterm/host/api/api.pb.go:253.43,255.2 1 0
github.com/owenthereal/upterm/host/api/api.pb.go:259.37,260.14 1 0
github.com/owenthereal/upterm/host/api/api.pb.go:263.2,263.11 1 0
github.com/owenthereal/upterm/host/api/api.pb.go:260.14,262.3 1 0
github.com/owenthereal/upterm/host/api/api.pb.go:266.48,267.14 1 0
github.com/owenthereal/upterm/host/api/api.pb.go:270.2,270.24 1 0
github.com/owenthereal/upterm/host/api/api.pb.go:267.14,269.3 1 0
github.com/owenthereal/upterm/host/api/api.pb.go:273.43,274.14 1 0
github.com/owenthereal/upterm/host/api/api.pb.go:277.2,277.11 1 0
github.com/owenthereal/upterm/host/api/api.pb.go:274.14,276.3 1 0
github.com/owenthereal/upterm/host/api/api.pb.go:280.13,286.2 5 1
github.com/owenthereal/upterm/host/api/api.pb.go:288.13,288.81 1 1
github.com/owenthereal/upterm/host/api/api.pb.go:337.76,339.2 1 0
github.com/owenthereal/upterm/host/api/api.pb.go:341.139,344.16 3 0
github.com/owenthereal/upterm/host/api/api.pb.go:347.2,347.17 1 0
github.com/owenthereal/upterm/host/api/api.pb.go:344.16,346.3 1 0
github.com/owenthereal/upterm/host/api/api.pb.go:359.126,361.2 1 0
github.com/owenthereal/upterm/host/api/api.pb.go:363.73,365.2 1 0
github.com/owenthereal/upterm/host/api/api.pb.go:367.168,369.32 2 0
github.com/owenthereal/upterm/host/api/api.pb.go:372.2,372.24 1 0
github.com/owenthereal/upterm/host/api/api.pb.go:375.2,379.77 2 0
github.com/owenthereal/upterm/host/api/api.pb.go:382.2,382.44 1 0
github.com/owenthereal/upterm/host/api/api.pb.go:369.32,371.3 1 0
github.com/owenthereal/upterm/host/api/api.pb.go:372.24,374.3 1 0
github.com/owenthereal/upterm/host/api/api.pb.go:379.77,381.3 1 0
github.com/owenthereal/upterm/host/api/encoding.go:10.75,18.2 2 0
github.com/owenthereal/upterm/host/api/encoding.go:20.55,22.34 2 2
github.com/owenthereal/upterm/host/api/encoding.go:26.2,26.20 1 2
github.com/owenthereal/upterm/host/api/encoding.go:22.34,24.3 1 1
github.com/owenthereal/upterm/host/api/encoding.go:29.70,31.50 2 2
github.com/owenthereal/upterm/host/api/encoding.go:35.2,41.21 3 2
github.com/owenthereal/upterm/host/api/encoding.go:48.2,52.8 1 2
github.com/owenthereal/upterm/host/api/encoding.go:31.50,33.3 1 1
github.com/owenthereal/upterm/host/api/encoding.go:41.21,43.17 2 1
github.com/owenthereal/upterm/host/api/encoding.go:43.17,45.4 1 0
github.com/owenthereal/upterm/cmd/upterm/command/host.go:33.31,60.16 3 0
github.com/owenthereal/upterm/cmd/upterm/command/host.go:64.2,71.12 7 0
github.com/owenthereal/upterm/cmd/upterm/command/host.go:60.16,62.3 1 0
github.com/owenthereal/upterm/cmd/upterm/command/host.go:74.72,77.22 2 0
github.com/owenthereal/upterm/cmd/upterm/command/host.go:109.2,109.31 1 0
github.com/owenthereal/upterm/cmd/upterm/command/host.go:113.2,113.34 1 0
github.com/owenthereal/upterm/cmd/upterm/command/host.go:117.2,117.15 1 0
github.com/owenthereal/upterm/cmd/upterm/command/host.go:77.22,79.3 1 0
github.com/owenthereal/upterm/cmd/upterm/command/host.go:79.8,81.17 2 0
github.com/owenthereal/upterm/cmd/upterm/command/host.go:85.3,85.15 1 0
github.com/owenthereal/upterm/cmd/upterm/command/host.go:81.17,83.4 1 0
github.com/owenthereal/upterm/cmd/upterm/command/host.go:85.15,86.66 1 0
github.com/owenthereal/upterm/cmd/upterm/command/host.go:90.4,90.25 1 0
github.com/owenthereal/upterm/cmd/upterm/command/host.go:98.4,98.42 1 0
github.com/owenthereal/upterm/cmd/upterm/command/host.go:102.4,102.43 1 0
github.com/owenthereal/upterm/cmd/upterm/command/host.go:86.66,88.5 1 0
github.com/owenthereal/upterm/cmd/upterm/command/host.go:90.25,92.19 2 0
github.com/owenthereal/upterm/cmd/upterm/command/host.go:92.19,94.6 1 0
github.com/owenthereal/upterm/cmd/upterm/command/host.go:98.42,101.5 2 0
github.com/owenthereal/upterm/cmd/upterm/command/host.go:102.43,105.5 2 0
github.com/owenthereal/upterm/cmd/upterm/command/host.go:109.31,111.3 1 0
github.com/owenthereal/upterm/cmd/upterm/command/host.go:113.34,115.3 1 0
github.com/owenthereal/upterm/cmd/upterm/command/host.go:120.55,122.20 2 0
github.com/owenthereal/upterm/cmd/upterm/command/host.go:133.2,134.28 2 0
github.com/owenthereal/upterm/cmd/upterm/command/host.go:141.2,142.30 2 0
github.com/owenthereal/upterm/cmd/upterm/command/host.go:145.2,145.16 1 0
github.com/owenthereal/upterm/cmd/upterm/command/host.go:149.2,150.16 2 0
github.com/owenthereal/upterm/cmd/upterm/command/host.go:153.2,153.20 1 0
github.com/owenthereal/upterm/cmd/upterm/command/host.go:157.2,158.16 2 0
github.com/owenthereal/upterm/cmd/upterm/command/host.go:162.2,163.16 2 0
github.com/owenthereal/upterm/cmd/upterm/command/host.go:166.2,188.36 5 0
github.com/owenthereal/upterm/cmd/upterm/command/host.go:122.20,124.17 2 0
github.com/owenthereal/upterm/cmd/upterm/command/host.go:128.3,128.21 1 0
github.com/owenthereal/upterm/cmd/upterm/command/host.go:124.17,126.4 1 0
github.com/owenthereal/upterm/cmd/upterm/command/host.go:128.21,130.4 1 0
github.com/owenthereal/upterm/cmd/upterm/command/host.go:134.28,136.17 2 0
github.com/owenthereal/upterm/cmd/upterm/command/host.go:136.17,138.4 1 0
github.com/owenthereal/upterm/cmd/upterm/command/host.go:142.30,144.3 1 0
github.com/owenthereal/upterm/cmd/upterm/command/host.go:145.16,147.3 1 0
github.com/owenthereal/upterm/cmd/upterm/command/host.go:150.16,152.3 1 0
github.com/owenthereal/upterm/cmd/upterm/command/host.go:153.20,155.3 1 0
github.com/owenthereal/upterm/cmd/upterm/command/host.go:158.16,160.3 1 0
github.com/owenthereal/upterm/cmd/upterm/command/host.go:163.16,165.3 1 0
github.com/owenthereal/upterm/cmd/upterm/command/host.go:191.41,193.2 1 0
github.com/owenthereal/upterm/cmd/upterm/command/host.go:195.39,197.2 1 0
github.com/owenthereal/upterm/cmd/upterm/command/host.go:199.38,201.2 1 0
github.com/owenthereal/upterm/cmd/upterm/command/host.go:203.68,204.48 1 0
github.com/owenthereal/upterm/cmd/upterm/command/host.go:208.2,208.40 1 0
github.com/owenthereal/upterm/cmd/upterm/command/host.go:211.2,214.6 3 0
github.com/owenthereal/upterm/cmd/upterm/command/host.go:223.2,223.12 1 0
github.com/owenthereal/upterm/cmd/upterm/command/host.go:204.48,206.3 1 0
github.com/owenthereal/upterm/cmd/upterm/command/host.go:208.40,210.3 1 0
github.com/owenthereal/upterm/cmd/upterm/command/host.go:214.6,216.17 2 0
github.com/owenthereal/upterm/cmd/upterm/command/host.go:216.17,218.4 1 0
github.com/owenthereal/upterm/cmd/upterm/command/host.go:218.9,218.53 1 0
github.com/owenthereal/upterm/cmd/upterm/command/host.go:218.53,219.9 1 0
github.com/owenthereal/upterm/cmd/upterm/command/host.go:226.50,233.4 2 0
github.com/owenthereal/upterm/cmd/upterm/command/host.go:242.2,242.12 1 0
github.com/owenthereal/upterm/cmd/upterm/command/host.go:233.4,235.48 2 0
github.com/owenthereal/upterm/cmd/upterm/command/host.go:239.3,239.24 1 0
github.com/owenthereal/upterm/cmd/upterm/command/host.go:235.48,236.12 1 0
github.com/owenthereal/upterm/cmd/upterm/command/host.go:245.46,247.2 1 0
github.com/owenthereal/upterm/cmd/upterm/command/proxy.go:16.32,30.2 2 0
github.com/owenthereal/upterm/cmd/upterm/command/proxy.go:32.55,33.20 1 0
github.com/owenthereal/upterm/cmd/upterm/command/proxy.go:37.2,38.16 2 0
github.com/owenthereal/upterm/cmd/upterm/command/proxy.go:42.2,43.16 2 0
github.com/owenthereal/upterm/cmd/upterm/command/proxy.go:47.2,51.2 4 0
github.com/owenthereal/upterm/cmd/upterm/command/proxy.go:70.2,70.16 1 0
github.com/owenthereal/upterm/cmd/upterm/command/proxy.go:33.20,35.3 1 0
github.com/owenthereal/upterm/cmd/upterm/command/proxy.go:38.16,40.3 1 0
github.com/owenthereal/upterm/cmd/upterm/command/proxy.go:43.16,45.3 1 0
github.com/owenthereal/upterm/cmd/upterm/command/proxy.go:51.2,52.22 1 0
github.com/owenthereal/upterm/cmd/upterm/command/proxy.go:52.22,55.4 2 0
github.com/owenthereal/upterm/cmd/upterm/command/proxy.go:55.22,58.4 2 0
github.com/owenthereal/upterm/cmd/upterm/command/proxy.go:60.2,61.22 1 0
github.com/owenthereal/upterm/cmd/upterm/command/proxy.go:61.22,64.4 2 0
github.com/owenthereal/upterm/cmd/upterm/command/proxy.go:64.22,67.4 2 0
github.com/owenthereal/upterm/cmd/upterm/command/root.go:7.28,36.2 7 0
github.com/owenthereal/upterm/cmd/upterm/command/session.go:25.34,36.2 5 0
github.com/owenthereal/upterm/cmd/upterm/command/session.go:38.28,50.2 2 0
github.com/owenthereal/upterm/cmd/upterm/command/session.go:52.28,64.2 2 0
github.com/owenthereal/upterm/cmd/upterm/command/session.go:66.31,83.2 3 0
github.com/owenthereal/upterm/cmd/upterm/command/session.go:85.54,87.16 2 0
github.com/owenthereal/upterm/cmd/upterm/command/session.go:91.2,92.16 2 0
github.com/owenthereal/upterm/cmd/upterm/command/session.go:96.2,96.24 1 0
github.com/owenthereal/upterm/cmd/upterm/command/session.go:101.2,109.12 8 0
github.com/owenthereal/upterm/cmd/upterm/command/session.go:87.16,89.3 1 0
github.com/owenthereal/upterm/cmd/upterm/command/session.go:92.16,94.3 1 0
github.com/owenthereal/upterm/cmd/upterm/command/session.go:96.24,99.3 2 0
github.com/owenthereal/upterm/cmd/upterm/command/session.go:112.54,113.20 1 0
github.com/owenthereal/upterm/cmd/upterm/command/session.go:117.2,118.16 2 0
github.com/owenthereal/upterm/cmd/upterm/command/session.go:122.2,122.99 1 0
github.com/owenthereal/upterm/cmd/upterm/command/session.go:113.20,115.3 1 0
github.com/owenthereal/upterm/cmd/upterm/command/session.go:118.16,120.3 1 0
github.com/owenthereal/upterm/cmd/upterm/command/session.go:125.57,127.2 1 0
github.com/owenthereal/upterm/cmd/upterm/command/session.go:129.51,133.16 3 0
github.com/owenthereal/upterm/cmd/upterm/command/session.go:137.2,138.29 2 0
github.com/owenthereal/upterm/cmd/upterm/command/session.go:166.2,166.20 1 0
github.com/owenthereal/upterm/cmd/upterm/command/session.go:133.16,135.3 1 0
github.com/owenthereal/upterm/cmd/upterm/command/session.go:138.29,140.53 1 0
github.com/owenthereal/upterm/cmd/upterm/command/session.go:144.3,146.17 3 0
github.com/owenthereal/upterm/cmd/upterm/command/session.go:150.3,151.40 2 0
github.com/owenthereal/upterm/cmd/upterm/command/session.go:155.3,163.6 1 0
github.com/owenthereal/upterm/cmd/upterm/command/session.go:140.53,141.12 1 0
github.com/owenthereal/upterm/cmd/upterm/command/session.go:146.17,147.12 1 0
github.com/owenthereal/upterm/cmd/upterm/command/session.go:151.40,153.4 1 0
github.com/owenthereal/upterm/cmd/upterm/command/session.go:169.59,171.16 2 0
github.com/owenthereal/upterm/cmd/upterm/command/session.go:175.2,175.32 1 0
github.com/owenthereal/upterm/cmd/upterm/command/session.go:171.16,173.3 1 0
github.com/owenthereal/upterm/cmd/upterm/command/session.go:178.92,180.16 2 4
github.com/owenthereal/upterm/cmd/upterm/command/session.go:184.2,186.16 3 4
github.com/owenthereal/upterm/cmd/upterm/command/session.go:203.2,203.8 1 4
github.com/owenthereal/upterm/cmd/upterm/command/session.go:180.16,182.3 1 0
github.com/owenthereal/upterm/cmd/upterm/command/session.go:186.16,187.64 1 1
github.com/owenthereal/upterm/cmd/upterm/command/session.go:191.3,193.19 3 1
github.com/owenthereal/upterm/cmd/upterm/command/session.go:187.64,189.4 1 0
github.com/owenthereal/upterm/cmd/upterm/command/session.go:194.14,195.15 1 0
github.com/owenthereal/upterm/cmd/upterm/command/session.go:196.13,197.15 1 0
github.com/owenthereal/upterm/cmd/upterm/command/session.go:198.14,199.16 1 1
github.com/owenthereal/upterm/cmd/upterm/command/session.go:206.60,208.16 2 0
github.com/owenthereal/upterm/cmd/upterm/command/session.go:212.2,213.16 2 0
github.com/owenthereal/upterm/cmd/upterm/command/session.go:217.2,218.49 2 0
github.com/owenthereal/upterm/cmd/upterm/command/session.go:224.2,225.21 2 0
github.com/owenthereal/upterm/cmd/upterm/command/session.go:234.2,242.45 3 0
github.com/owenthereal/upterm/cmd/upterm/command/session.go:251.2,265.12 14 0
github.com/owenthereal/upterm/cmd/upterm/command/session.go:208.16,210.3 1 0
github.com/owenthereal/upterm/cmd/upterm/command/session.go:213.16,215.3 1 0
github.com/owenthereal/upterm/cmd/upterm/command/session.go:218.49,220.3 1 0
github.com/owenthereal/upterm/cmd/upterm/command/session.go:220.8,222.3 1 0
github.com/owenthereal/upterm/cmd/upterm/command/session.go:225.21,227.19 2 0
github.com/owenthereal/upterm/cmd/upterm/command/session.go:227.19,229.4 1 0
github.com/owenthereal/upterm/cmd/upterm/command/session.go:230.8,232.3 1 0
github.com/owenthereal/upterm/cmd/upterm/command/session.go:242.45,244.14 2 0
github.com/owenthereal/upterm/cmd/upterm/command/session.go:248.3,248.95 1 0
github.com/owenthereal/upterm/cmd/upterm/command/session.go:244.14,247.4 2 0
github.com/owenthereal/upterm/cmd/upterm/command/session.go:268.61,270.2 1 0
github.com/owenthereal/upterm/cmd/upterm/command/session.go:272.38,274.2 1 0
github.com/owenthereal/upterm/cmd/upterm/command/session.go:276.67,278.16 2 0
github.com/owenthereal/upterm/cmd/upterm/command/session.go:282.2,282.69 1 0
github.com/owenthereal/upterm/cmd/upterm/command/session.go:278.16,280.3 1 0
github.com/owenthereal/upterm/cmd/upterm/command/session.go:285.74,287.27 2 0
github.com/owenthereal/upterm/cmd/upterm/command/session.go:291.2,291.31 1 0
github.com/owenthereal/upterm/cmd/upterm/command/session.go:295.2,295.12 1 0
github.com/owenthereal/upterm/cmd/upterm/command/session.go:287.27,289.3 1 0
github.com/owenthereal/upterm/cmd/upterm/command/session.go:291.31,293.3 1 0
github.com/owenthereal/upterm/cmd/upterm/command/session.go:298.33,299.13 1 0
github.com/owenthereal/upterm/cmd/upterm/command/session.go:303.2,303.10 1 0
github.com/owenthereal/upterm/cmd/upterm/command/session.go:299.13,301.3 1 0
github.com/owenthereal/upterm/cmd/upterm/command/upgrade.go:17.34,30.2 2 0
github.com/owenthereal/upterm/cmd/upterm/command/upgrade.go:32.57,46.19 5 0
github.com/owenthereal/upterm/cmd/upterm/command/upgrade.go:71.2,72.14 2 0
github.com/owenthereal/upterm/cmd/upterm/command/upgrade.go:77.2,78.16 2 0
github.com/owenthereal/upterm/cmd/upterm/command/upgrade.go:83.2,83.43 1 0
github.com/owenthereal/upterm/cmd/upterm/command/upgrade.go:87.2,88.12 2 0
github.com/owenthereal/upterm/cmd/upterm/command/upgrade.go:46.19,48.17 2 0
github.com/owenthereal/upterm/cmd/upterm/command/upgrade.go:52.3,52.18 1 0
github.com/owenthereal/upterm/cmd/upterm/command/upgrade.go:48.17,50.4 1 0
github.com/owenthereal/upterm/cmd/upterm/command/upgrade.go:53.8,56.17 2 0
github.com/owenthereal/upterm/cmd/upterm/command/upgrade.go:61.3,61.25 1 0
github.com/owenthereal/upterm/cmd/upterm/command/upgrade.go:66.3,66.27 1 0
github.com/owenthereal/upterm/cmd/upterm/command/upgrade.go:56.17,58.4 1 0
github.com/owenthereal/upterm/cmd/upterm/command/upgrade.go:61.25,63.4 1 0
github.com/owenthereal/upterm/cmd/upterm/command/upgrade.go:72.14,74.3 1 0
github.com/owenthereal/upterm/cmd/upterm/command/upgrade.go:78.16,80.3 1 0
github.com/owenthereal/upterm/cmd/upterm/command/upgrade.go:83.43,85.3 1 0
github.com/owenthereal/upterm/cmd/upterm/command/upgrade.go:91.35,93.2 1 0
github.com/owenthereal/upterm/cmd/upterm/command/upgrade.go:99.78,101.29 2 0
github.com/owenthereal/upterm/cmd/upterm/command/upgrade.go:108.2,108.12 1 0
github.com/owenthereal/upterm/cmd/upterm/command/upgrade.go:101.29,103.50 2 0
github.com/owenthereal/upterm/cmd/upterm/command/upgrade.go:103.50,105.4 1 0
github.com/owenthereal/upterm/cmd/upterm/command/version.go:11.34,15.53 1 0
github.com/owenthereal/upterm/cmd/upterm/command/version.go:21.2,21.12 1 0
github.com/owenthereal/upterm/cmd/upterm/command/version.go:15.53,18.4 2 0
github.com/owenthereal/upterm/io/reader.go:8.67,13.2 1 4
github.com/owenthereal/upterm/io/reader.go:25.58,28.12 2 6
github.com/owenthereal/upterm/io/reader.go:43.2,43.9 1 6
github.com/owenthereal/upterm/io/reader.go:28.12,33.10 2 6
github.com/owenthereal/upterm/io/reader.go:39.3,40.26 2 5
github.com/owenthereal/upterm/io/reader.go:34.23,35.10 1 1
github.com/owenthereal/upterm/io/reader.go:36.11,36.11 0 5
github.com/owenthereal/upterm/io/reader.go:44.17,45.22 1 3
github.com/owenthereal/upterm/io/reader.go:46.22,47.24 1 3
github.com/owenthereal/upterm/io/writer.go:9.56,17.2 5 1
github.com/owenthereal/upterm/io/writer.go:27.58,33.16 4 1
github.com/owenthereal/upterm/io/writer.go:42.2,44.12 2 1
github.com/owenthereal/upterm/io/writer.go:33.16,34.29 1 1
github.com/owenthereal/upterm/io/writer.go:34.29,36.18 2 1
github.com/owenthereal/upterm/io/writer.go:36.18,38.5 1 0
github.com/owenthereal/upterm/io/writer.go:47.52,51.42 3 1
github.com/owenthereal/upterm/io/writer.go:51.42,52.29 1 2
github.com/owenthereal/upterm/io/writer.go:52.29,53.25 1 2
github.com/owenthereal/upterm/io/writer.go:53.25,55.10 2 1
github.com/owenthereal/upterm/io/writer.go:61.58,68.30 4 3
github.com/owenthereal/upterm/io/writer.go:79.2,79.20 1 3
github.com/owenthereal/upterm/io/writer.go:68.30,70.17 2 7
github.com/owenthereal/upterm/io/writer.go:73.3,73.18 1 7
github.com/owenthereal/upterm/io/writer.go:70.17,72.4 1 0
github.com/owenthereal/upterm/io/writer.go:73.18,76.4 2 0
github.com/owenthereal/upterm/server/metrics.go:16.60,20.21 3 0
github.com/owenthereal/upterm/server/metrics.go:24.2,24.31 1 0
github.com/owenthereal/upterm/server/metrics.go:20.21,22.3 1 0
github.com/owenthereal/upterm/server/metrics.go:27.58,39.2 6 0
github.com/owenthereal/upterm/server/network.go:15.13,17.2 1 1
github.com/owenthereal/upterm/server/network.go:21.60,22.22 1 0
github.com/owenthereal/upterm/server/network.go:28.2,28.12 1 0
github.com/owenthereal/upterm/server/network.go:22.22,23.23 1 0
github.com/owenthereal/upterm/server/network.go:23.23,25.4 1 0
github.com/owenthereal/upterm/server/network.go:56.40,58.2 1 0
github.com/owenthereal/upterm/server/network.go:60.40,62.2 1 0
github.com/owenthereal/upterm/server/network.go:64.61,68.2 3 0
github.com/owenthereal/upterm/server/network.go:70.56,72.2 1 0
github.com/owenthereal/upterm/server/network.go:74.50,76.2 1 0
github.com/owenthereal/upterm/server/network.go:83.65,85.2 1 0
github.com/owenthereal/upterm/server/network.go:87.59,89.2 1 0
github.com/owenthereal/upterm/server/network.go:95.84,97.2 1 0
github.com/owenthereal/upterm/server/network.go:99.78,101.2 1 0
github.com/owenthereal/upterm/server/network.go:108.38,110.2 1 0
github.com/owenthereal/upterm/server/network.go:112.59,115.9 3 0
github.com/owenthereal/upterm/server/network.go:123.2,124.9 2 0
github.com/owenthereal/upterm/server/network.go:133.2,133.12 1 0
github.com/owenthereal/upterm/server/network.go:115.9,117.17 2 0
github.com/owenthereal/upterm/server/network.go:121.3,121.27 1 0
github.com/owenthereal/upterm/server/network.go:117.17,119.4 1 0
github.com/owenthereal/upterm/server/network.go:124.9,126.17 2 0
github.com/owenthereal/upterm/server/network.go:130.3,130.53 1 0
github.com/owenthereal/upterm/server/network.go:126.17,128.4 1 0
github.com/owenthereal/upterm/server/network.go:136.54,138.2 1 0
github.com/owenthereal/upterm/server/network.go:140.48,142.2 1 0
github.com/owenthereal/upterm/server/network.go:144.38,146.2 1 0
github.com/owenthereal/upterm/server/network.go:152.63,154.2 1 0
github.com/owenthereal/upterm/server/network.go:156.57,158.2 1 0
github.com/owenthereal/upterm/server/network.go:164.82,166.2 1 0
github.com/owenthereal/upterm/server/network.go:168.76,170.2 1 0
github.com/owenthereal/upterm/server/network.go:172.71,174.2 1 0
github.com/owenthereal/upterm/server/wsproxy.go:28.46,29.71 1 0
github.com/owenthereal/upterm/server/wsproxy.go:29.71,30.57 1 0
github.com/owenthereal/upterm/server/wsproxy.go:35.3,41.47 3 0
github.com/owenthereal/upterm/server/wsproxy.go:30.57,33.4 2 0
github.com/owenthereal/upterm/server/wsproxy.go:45.55,56.2 4 0
github.com/owenthereal/upterm/server/wsproxy.go:58.43,62.18 3 0
github.com/owenthereal/upterm/server/wsproxy.go:69.2,69.12 1 0
github.com/owenthereal/upterm/server/wsproxy.go:62.18,67.3 3 0
github.com/owenthereal/upterm/server/wsproxy.go:75.46,75.61 1 1
github.com/owenthereal/upterm/server/wsproxy.go:86.71,88.25 2 1
github.com/owenthereal/upterm/server/wsproxy.go:93.2,94.9 2 1
github.com/owenthereal/upterm/server/wsproxy.go:99.2,100.16 2 1
github.com/owenthereal/upterm/server/wsproxy.go:104.2,108.16 4 1
github.com/owenthereal/upterm/server/wsproxy.go:113.2,114.16 2 1
github.com/owenthereal/upterm/server/wsproxy.go:119.2,120.15 2 1
github.com/owenthereal/upterm/server/wsproxy.go:125.2,126.2 2 1
github.com/owenthereal/upterm/server/wsproxy.go:143.2,143.32 1 1
github.com/owenthereal/upterm/server/wsproxy.go:88.25,91.3 2 0
github.com/owenthereal/upterm/server/wsproxy.go:94.9,97.3 2 0
github.com/owenthereal/upterm/server/wsproxy.go:100.16,103.3 2 0
github.com/owenthereal/upterm/server/wsproxy.go:108.16,111.3 2 0
github.com/owenthereal/upterm/server/wsproxy.go:114.16,117.3 2 0
github.com/owenthereal/upterm/server/wsproxy.go:120.15,123.3 2 0
github.com/owenthereal/upterm/server/wsproxy.go:126.2,127.22 1 1
github.com/owenthereal/upterm/server/wsproxy.go:127.22,130.4 2 1
github.com/owenthereal/upterm/server/wsproxy.go:130.22,132.4 1 0
github.com/owenthereal/upterm/server/wsproxy.go:134.2,135.22 1 1
github.com/owenthereal/upterm/server/wsproxy.go:135.22,138.4 2 1
github.com/owenthereal/upterm/server/wsproxy.go:138.22,140.4 1 0
github.com/owenthereal/upterm/server/wsproxy.go:143.32,145.3 1 0
github.com/owenthereal/upterm/server/wsproxy.go:148.65,152.2 3 0
github.com/owenthereal/upterm/server/wsproxy.go:154.72,157.2 2 0
github.com/owenthereal/upterm/server/server.go:37.27,39.23 1 0
github.com/owenthereal/upterm/server/server.go:43.2,44.20 2 0
github.com/owenthereal/upterm/server/server.go:48.2,49.46 2 0
github.com/owenthereal/upterm/server/server.go:53.2,54.16 2 0
github.com/owenthereal/upterm/server/server.go:58.2,58.46 1 0
github.com/owenthereal/upterm/server/server.go:62.2,63.16 2 0
github.com/owenthereal/upterm/server/server.go:67.2,68.30 2 0
github.com/owenthereal/upterm/server/server.go:72.2,79.23 3 0
github.com/owenthereal/upterm/server/server.go:87.2,87.22 1 0
github.com/owenthereal/upterm/server/server.go:96.2,97.36 2 0
github.com/owenthereal/upterm/server/server.go:100.2,100.35 1 0
github.com/owenthereal/upterm/server/server.go:103.2,103.20 1 0
github.com/owenthereal/upterm/server/server.go:107.2,110.2 3 0
github.com/owenthereal/upterm/server/server.go:144.2,147.16 3 0
github.com/owenthereal/upterm/server/server.go:39.23,41.3 1 0
github.com/owenthereal/upterm/server/server.go:44.20,46.3 1 0
github.com/owenthereal/upterm/server/server.go:49.46,51.3 1 0
github.com/owenthereal/upterm/server/server.go:54.16,56.3 1 0
github.com/owenthereal/upterm/server/server.go:58.46,60.3 1 0
github.com/owenthereal/upterm/server/server.go:63.16,65.3 1 0
github.com/owenthereal/upterm/server/server.go:68.30,70.3 1 0
github.com/owenthereal/upterm/server/server.go:79.23,81.17 2 0
github.com/owenthereal/upterm/server/server.go:84.3,84.54 1 0
github.com/owenthereal/upterm/server/server.go:81.17,83.4 1 0
github.com/owenthereal/upterm/server/server.go:87.22,89.17 2 0
github.com/owenthereal/upterm/server/server.go:92.3,92.52 1 0
github.com/owenthereal/upterm/server/server.go:89.17,91.4 1 0
github.com/owenthereal/upterm/server/server.go:97.36,99.3 1 0
github.com/owenthereal/upterm/server/server.go:100.35,102.3 1 0
github.com/owenthereal/upterm/server/server.go:103.20,105.3 1 0
github.com/owenthereal/upterm/server/server.go:110.2,112.27 2 0
github.com/owenthereal/upterm/server/server.go:118.3,125.22 2 0
github.com/owenthereal/upterm/server/server.go:112.27,114.4 1 0
github.com/owenthereal/upterm/server/server.go:114.9,116.4 1 0
github.com/owenthereal/upterm/server/server.go:125.22,127.4 1 0
github.com/owenthereal/upterm/server/server.go:127.22,129.4 1 0
github.com/owenthereal/upterm/server/server.go:131.2,132.27 1 0
github.com/owenthereal/upterm/server/server.go:132.27,136.23 3 0
github.com/owenthereal/upterm/server/server.go:136.23,138.5 1 0
github.com/owenthereal/upterm/server/server.go:138.23,140.5 1 0
github.com/owenthereal/upterm/server/server.go:150.52,152.27 2 0
github.com/owenthereal/upterm/server/server.go:157.2,157.15 1 0
github.com/owenthereal/upterm/server/server.go:152.27,155.3 2 0
github.com/owenthereal/upterm/server/server.go:175.29,179.21 3 0
github.com/owenthereal/upterm/server/server.go:183.2,183.20 1 0
github.com/owenthereal/upterm/server/server.go:187.2,187.19 1 0
github.com/owenthereal/upterm/server/server.go:179.21,181.3 1 0
github.com/owenthereal/upterm/server/server.go:183.20,185.3 1 0
github.com/owenthereal/upterm/server/server.go:187.19,189.3 1 0
github.com/owenthereal/upterm/server/server.go:192.101,203.2 9 0
github.com/owenthereal/upterm/server/server.go:289.2,289.16 1 0
github.com/owenthereal/upterm/server/server.go:203.2,204.22 1 0
github.com/owenthereal/upterm/server/server.go:204.22,207.4 2 0
github.com/owenthereal/upterm/server/server.go:207.22,209.4 1 0
github.com/owenthereal/upterm/server/server.go:211.2,212.19 1 0
github.com/owenthereal/upterm/server/server.go:212.19,230.23 3 0
github.com/owenthereal/upterm/server/server.go:230.23,232.5 1 0
github.com/owenthereal/upterm/server/server.go:232.23,234.5 1 0
github.com/owenthereal/upterm/server/server.go:237.2,238.18 1 0
github.com/owenthereal/upterm/server/server.go:238.18,240.20 2 0
github.com/owenthereal/upterm/server/server.go:258.4,262.23 2 0
github.com/owenthereal/upterm/server/server.go:240.20,248.5 1 0
github.com/owenthereal/upterm/server/server.go:248.10,257.5 1 0
github.com/owenthereal/upterm/server/server.go:262.23,264.5 1 0
github.com/owenthereal/upterm/server/server.go:264.23,266.5 1 0
github.com/owenthereal/upterm/server/server.go:269.2,271.17 2 0
github.com/owenthereal/upterm/server/server.go:275.3,282.22 2 0
github.com/owenthereal/upterm/server/server.go:271.17,273.4 1 0
github.com/owenthereal/upterm/server/server.go:282.22,284.4 1 0
github.com/owenthereal/upterm/server/server.go:284.22,286.4 1 0
github.com/owenthereal/upterm/server/server.go:301.67,304.36 1 0
github.com/owenthereal/upterm/server/server.go:309.2,310.60 2 0
github.com/owenthereal/upterm/server/server.go:304.36,307.3 2 0
github.com/owenthereal/upterm/server/server.go:316.66,318.2 1 1
github.com/owenthereal/upterm/server/server.go:323.65,325.16 2 0
github.com/owenthereal/upterm/server/server.go:328.2,331.30 3 0
github.com/owenthereal/upterm/server/server.go:325.16,327.3 1 0
github.com/owenthereal/upterm/server/server.go:342.71,343.36 1 2
github.com/owenthereal/upterm/server/server.go:343.36,346.3 2 1
github.com/owenthereal/upterm/server/server.go:346.8,348.16 2 1
github.com/owenthereal/upterm/server/server.go:351.3,355.26 2 1
github.com/owenthereal/upterm/server/server.go:360.3,361.37 2 1
github.com/owenthereal/upterm/server/server.go:348.16,350.4 1 0
github.com/owenthereal/upterm/server/server.go:355.26,358.4 2 0
github.com/owenthereal/upterm/server/server.pb.go:32.48,32.79 1 0
github.com/owenthereal/upterm/server/server.pb.go:33.48,33.85 1 0
github.com/owenthereal/upterm/server/server.pb.go:34.49,34.50 0 0
github.com/owenthereal/upterm/server/server.pb.go:35.59,37.2 1 0
github.com/owenthereal/upterm/server/server.pb.go:39.62,41.2 1 0
github.com/owenthereal/upterm/server/server.pb.go:42.90,44.2 1 0
github.com/owenthereal/upterm/server/server.pb.go:45.61,47.2 1 0
github.com/owenthereal/upterm/server/server.pb.go:48.47,50.2 1 0
github.com/owenthereal/upterm/server/server.pb.go:51.53,53.2 1 0
github.com/owenthereal/upterm/server/server.pb.go:57.53,58.14 1 0
github.com/owenthereal/upterm/server/server.pb.go:61.2,61.11 1 0
github.com/owenthereal/upterm/server/server.pb.go:58.14,60.3 1 0
github.com/owenthereal/upterm/server/server.pb.go:64.61,65.14 1 0
github.com/owenthereal/upterm/server/server.pb.go:68.2,68.12 1 0
github.com/owenthereal/upterm/server/server.pb.go:65.14,67.3 1 0
github.com/owenthereal/upterm/server/server.pb.go:71.67,72.14 1 0
github.com/owenthereal/upterm/server/server.pb.go:75.2,75.12 1 0
github.com/owenthereal/upterm/server/server.pb.go:72.14,74.3 1 0
github.com/owenthereal/upterm/server/server.pb.go:86.49,86.81 1 0
github.com/owenthereal/upterm/server/server.pb.go:87.49,87.86 1 0
github.com/owenthereal/upterm/server/server.pb.go:88.50,88.51 0 0
github.com/owenthereal/upterm/server/server.pb.go:89.60,91.2 1 0
github.com/owenthereal/upterm/server/server.pb.go:93.63,95.2 1 0
github.com/owenthereal/upterm/server/server.pb.go:96.91,98.2 1 0
github.com/owenthereal/upterm/server/server.pb.go:99.62,101.2 1 0
github.com/owenthereal/upterm/server/server.pb.go:102.48,104.2 1 0
github.com/owenthereal/upterm/server/server.pb.go:105.54,107.2 1 0
github.com/owenthereal/upterm/server/server.pb.go:111.55,112.14 1 0
github.com/owenthereal/upterm/server/server.pb.go:115.2,115.11 1 0
github.com/owenthereal/upterm/server/server.pb.go:112.14,114.3 1 0
github.com/owenthereal/upterm/server/server.pb.go:118.54,119.14 1 0
github.com/owenthereal/upterm/server/server.pb.go:122.2,122.11 1 0
github.com/owenthereal/upterm/server/server.pb.go:119.14,121.3 1 0
github.com/owenthereal/upterm/server/server.pb.go:134.39,134.61 1 1
github.com/owenthereal/upterm/server/server.pb.go:135.39,135.76 1 0
github.com/owenthereal/upterm/server/server.pb.go:136.40,136.41 0 0
github.com/owenthereal/upterm/server/server.pb.go:137.50,139.2 1 0
github.com/owenthereal/upterm/server/server.pb.go:141.53,143.2 1 1
github.com/owenthereal/upterm/server/server.pb.go:144.81,146.2 1 2
github.com/owenthereal/upterm/server/server.pb.go:147.52,149.2 1 0
github.com/owenthereal/upterm/server/server.pb.go:150.38,152.2 1 2
github.com/owenthereal/upterm/server/server.pb.go:153.44,155.2 1 0
github.com/owenthereal/upterm/server/server.pb.go:159.49,160.14 1 0
github.com/owenthereal/upterm/server/server.pb.go:163.2,163.11 1 0
github.com/owenthereal/upterm/server/server.pb.go:160.14,162.3 1 0
github.com/owenthereal/upterm/server/server.pb.go:166.46,167.14 1 0
github.com/owenthereal/upterm/server/server.pb.go:170.2,170.11 1 0
github.com/owenthereal/upterm/server/server.pb.go:167.14,169.3 1 0
github.com/owenthereal/upterm/server/server.pb.go:173.49,174.14 1 0
github.com/owenthereal/upterm/server/server.pb.go:177.2,177.12 1 0
github.com/owenthereal/upterm/server/server.pb.go:174.14,176.3 1 0
github.com/owenthereal/upterm/server/server.pb.go:180.13,184.2 3 1
github.com/owenthereal/upterm/server/server.pb.go:186.13,186.84 1 1
github.com/owenthereal/upterm/server/session.go:18.61,19.38 1 0
github.com/owenthereal/upterm/server/session.go:23.2,23.43 1 0
github.com/owenthereal/upterm/server/session.go:29.2,29.14 1 0
github.com/owenthereal/upterm/server/session.go:19.38,21.3 1 0
github.com/owenthereal/upterm/server/session.go:23.43,24.29 1 0
github.com/owenthereal/upterm/server/session.go:24.29,26.4 1 0
github.com/owenthereal/upterm/server/session.go:32.103,38.35 2 0
github.com/owenthereal/upterm/server/session.go:46.2,46.41 1 0
github.com/owenthereal/upterm/server/session.go:54.2,59.8 1 0
github.com/owenthereal/upterm/server/session.go:38.35,40.17 2 0
github.com/owenthereal/upterm/server/session.go:43.3,43.24 1 0
github.com/owenthereal/upterm/server/session.go:40.17,42.4 1 0
github.com/owenthereal/upterm/server/session.go:46.41,48.17 2 0
github.com/owenthereal/upterm/server/session.go:51.3,51.24 1 0
github.com/owenthereal/upterm/server/session.go:48.17,50.4 1 0
github.com/owenthereal/upterm/server/session.go:62.36,66.2 1 0
github.com/owenthereal/upterm/server/session.go:73.47,78.8 4 0
github.com/owenthereal/upterm/server/session.go:82.2,83.12 2 0
github.com/owenthereal/upterm/server/session.go:78.8,80.3 1 0
github.com/owenthereal/upterm/server/session.go:86.56,91.9 4 0
github.com/owenthereal/upterm/server/session.go:95.2,95.19 1 0
github.com/owenthereal/upterm/server/session.go:91.9,93.3 1 0
github.com/owenthereal/upterm/server/session.go:98.41,103.2 3 0
github.com/owenthereal/upterm/server/sshd.go:37.33,41.21 3 0
github.com/owenthereal/upterm/server/sshd.go:48.2,48.12 1 0
github.com/owenthereal/upterm/server/sshd.go:41.21,46.3 3 0
github.com/owenthereal/upterm/server/sshd.go:51.45,53.39 2 2
github.com/owenthereal/upterm/server/sshd.go:57.2,65.32 3 2
github.com/owenthereal/upterm/server/sshd.go:110.2,112.27 2 2
github.com/owenthereal/upterm/server/sshd.go:53.39,55.3 1 2
github.com/owenthereal/upterm/server/sshd.go:65.32,67.4 1 0
github.com/owenthereal/upterm/server/sshd.go:68.67,73.4 2 4
github.com/owenthereal/upterm/server/sshd.go:74.131,77.4 2 0
github.com/owenthereal/upterm/server/sshd.go:78.67,89.4 1 1
github.com/owenthereal/upterm/server/sshd.go:90.64,92.67 2 1
github.com/owenthereal/upterm/server/sshd.go:96.4,99.21 2 1
github.com/owenthereal/upterm/server/sshd.go:92.67,94.5 1 0
github.com/owenthereal/upterm/server/sshd.go:116.110,122.16 3 0
github.com/owenthereal/upterm/server/sshd.go:126.2,126.16 1 0
github.com/owenthereal/upterm/server/sshd.go:122.16,124.3 1 0
github.com/owenthereal/upterm/server/sshd.go:129.106,131.63 2 0
github.com/owenthereal/upterm/server/sshd.go:135.2,141.16 2 0
github.com/owenthereal/upterm/server/sshd.go:145.2,145.49 1 0
github.com/owenthereal/upterm/server/sshd.go:149.2,155.16 3 0
github.com/owenthereal/upterm/server/sshd.go:159.2,159.16 1 0
github.com/owenthereal/upterm/server/sshd.go:131.63,133.3 1 0
github.com/owenthereal/upterm/server/sshd.go:141.16,143.3 1 0
github.com/owenthereal/upterm/server/sshd.go:145.49,147.3 1 0
github.com/owenthereal/upterm/server/sshd.go:155.16,157.3 1 0
github.com/owenthereal/upterm/server/sshd.go:162.94,164.2 1 0
github.com/owenthereal/upterm/server/sshhandler.go:33.30,40.2 1 2
github.com/owenthereal/upterm/server/sshhandler.go:50.126,53.6 2 0
github.com/owenthereal/upterm/server/sshhandler.go:53.6,55.17 2 0
github.com/owenthereal/upterm/server/sshhandler.go:59.3,59.53 1 0
github.com/owenthereal/upterm/server/sshhandler.go:55.17,57.4 1 0
github.com/owenthereal/upterm/server/sshhandler.go:59.53,64.18 3 0
github.com/owenthereal/upterm/server/sshhandler.go:70.4,70.23 1 0
github.com/owenthereal/upterm/server/sshhandler.go:75.4,76.4 2 0
github.com/owenthereal/upterm/server/sshhandler.go:101.4,101.34 1 0
github.com/owenthereal/upterm/server/sshhandler.go:64.18,68.5 3 0
github.com/owenthereal/upterm/server/sshhandler.go:70.23,73.5 2 0
github.com/owenthereal/upterm/server/sshhandler.go:76.4,77.24 1 0
github.com/owenthereal/upterm/server/sshhandler.go:77.24,80.6 2 0
github.com/owenthereal/upterm/server/sshhandler.go:80.24,82.6 1 0
github.com/owenthereal/upterm/server/sshhandler.go:84.4,85.24 1 0
github.com/owenthereal/upterm/server/sshhandler.go:85.24,88.6 2 0
github.com/owenthereal/upterm/server/sshhandler.go:88.24,90.6 1 0
github.com/owenthereal/upterm/server/sshhandler.go:92.4,93.24 1 0
github.com/owenthereal/upterm/server/sshhandler.go:93.24,96.6 2 0
github.com/owenthereal/upterm/server/sshhandler.go:96.24,98.6 1 0
github.com/owenthereal/upterm/server/sshhandler.go:101.34,103.5 1 0
github.com/owenthereal/upterm/server/sshhandler.go:108.114,109.18 1 0
github.com/owenthereal/upterm/server/sshhandler.go:110.37,112.67 2 0
github.com/owenthereal/upterm/server/sshhandler.go:117.3,117.116 1 0
github.com/owenthereal/upterm/server/sshhandler.go:121.3,125.57 3 0
github.com/owenthereal/upterm/server/sshhandler.go:129.3,130.17 2 0
github.com/owenthereal/upterm/server/sshhandler.go:135.3,138.3 3 0
github.com/owenthereal/upterm/server/sshhandler.go:154.3,154.29 1 0
github.com/owenthereal/upterm/server/sshhandler.go:160.3,160.19 1 0
github.com/owenthereal/upterm/server/sshhandler.go:161.43,163.67 2 0
github.com/owenthereal/upterm/server/sshhandler.go:168.3,171.19 3 0
github.com/owenthereal/upterm/server/sshhandler.go:173.10,174.20 1 0
github.com/owenthereal/upterm/server/sshhandler.go:112.67,115.4 2 0
github.com/owenthereal/upterm/server/sshhandler.go:117.116,119.4 1 0
github.com/owenthereal/upterm/server/sshhandler.go:125.57,127.4 1 0
github.com/owenthereal/upterm/server/sshhandler.go:130.17,133.4 2 0
github.com/owenthereal/upterm/server/sshhandler.go:138.3,139.23 1 0
github.com/owenthereal/upterm/server/sshhandler.go:139.23,142.5 2 0
github.com/owenthereal/upterm/server/sshhandler.go:142.23,144.5 1 0
github.com/owenthereal/upterm/server/sshhandler.go:146.3,147.23 1 0
github.com/owenthereal/upterm/server/sshhandler.go:147.23,149.5 1 0
github.com/owenthereal/upterm/server/sshhandler.go:149.23,151.5 1 0
github.com/owenthereal/upterm/server/sshhandler.go:154.29,155.34 1 0
github.com/owenthereal/upterm/server/sshhandler.go:155.34,157.5 1 0
github.com/owenthereal/upterm/server/sshhandler.go:163.67,166.4 2 0
github.com/owenthereal/upterm/server/sshhandler.go:178.86,182.2 3 0
github.com/owenthereal/upterm/server/sshhandler.go:184.69,189.8 4 0
github.com/owenthereal/upterm/server/sshhandler.go:193.2,195.33 2 0
github.com/owenthereal/upterm/server/sshhandler.go:189.8,191.3 1 0
github.com/owenthereal/upterm/server/sshproxy.go:26.37,30.22 3 0
github.com/owenthereal/upterm/server/sshproxy.go:34.2,34.12 1 0
github.com/owenthereal/upterm/server/sshproxy.go:30.22,32.3 1 0
github.com/owenthereal/upterm/server/sshproxy.go:37.49,48.2 4 1
github.com/owenthereal/upterm/server/sshproxy.go:50.134,56.16 3 1
github.com/owenthereal/upterm/server/sshproxy.go:60.2,61.16 2 1
github.com/owenthereal/upterm/server/sshproxy.go:65.2,67.21 2 1
github.com/owenthereal/upterm/server/sshproxy.go:56.16,58.3 1 0
github.com/owenthereal/upterm/server/sshproxy.go:61.16,63.3 1 0
github.com/owenthereal/upterm/server/sshproxy.go:75.56,83.2 1 1
github.com/owenthereal/upterm/server/sshproxy.go:85.130,87.57 2 0
github.com/owenthereal/upterm/server/sshproxy.go:91.2,92.16 2 0
github.com/owenthereal/upterm/server/sshproxy.go:96.2,96.64 1 0
github.com/owenthereal/upterm/server/sshproxy.go:100.2,100.46 1 0
github.com/owenthereal/upterm/server/sshproxy.go:87.57,89.3 1 0
github.com/owenthereal/upterm/server/sshproxy.go:92.16,94.3 1 0
github.com/owenthereal/upterm/server/sshproxy.go:96.64,98.3 1 0
github.com/owenthereal/upterm/server/sshproxy.go:103.139,104.65 1 2
github.com/owenthereal/upterm/server/sshproxy.go:113.2,119.16 3 2
github.com/owenthereal/upterm/server/sshproxy.go:123.2,123.58 1 2
github.com/owenthereal/upterm/server/sshproxy.go:104.65,106.3 1 0
github.com/owenthereal/upterm/server/sshproxy.go:119.16,121.3 1 0
github.com/owenthereal/upterm/server/sshproxy.go:126.98,128.2 1 1
github.com/owenthereal/upterm/server/sshproxy.go:130.96,133.16 3 2
github.com/owenthereal/upterm/server/sshproxy.go:137.2,137.67 1 2
github.com/owenthereal/upterm/server/sshproxy.go:141.2,142.16 2 0
github.com/owenthereal/upterm/server/sshproxy.go:146.2,146.35 1 0
github.com/owenthereal/upterm/server/sshproxy.go:150.2,150.12 1 0
github.com/owenthereal/upterm/server/sshproxy.go:133.16,135.3 1 0
github.com/owenthereal/upterm/server/sshproxy.go:137.67,139.3 1 2
github.com/owenthereal/upterm/server/sshproxy.go:142.16,144.3 1 0
github.com/owenthereal/upterm/server/sshproxy.go:146.35,148.3 1 0
github.com/owenthereal/upterm/server/sshrouting.go:43.72,51.2 1 1
github.com/owenthereal/upterm/server/sshrouting.go:53.51,62.39 5 1
github.com/owenthereal/upterm/server/sshrouting.go:66.2,69.6 3 1
github.com/owenthereal/upterm/server/sshrouting.go:62.39,64.3 1 1
github.com/owenthereal/upterm/server/sshrouting.go:69.6,71.17 2 3
github.com/owenthereal/upterm/server/sshrouting.go:97.3,100.73 3 2
github.com/owenthereal/upterm/server/sshrouting.go:71.17,72.11 1 1
github.com/owenthereal/upterm/server/sshrouting.go:78.4,78.55 1 1
github.com/owenthereal/upterm/server/sshrouting.go:92.4,94.14 3 1
github.com/owenthereal/upterm/server/sshrouting.go:73.27,74.28 1 0
github.com/owenthereal/upterm/server/sshrouting.go:75.12,75.12 0 1
github.com/owenthereal/upterm/server/sshrouting.go:78.55,79.23 1 0
github.com/owenthereal/upterm/server/sshrouting.go:84.5,84.48 1 0
github.com/owenthereal/upterm/server/sshrouting.go:87.5,89.13 3 0
github.com/owenthereal/upterm/server/sshrouting.go:79.23,81.6 1 0
github.com/owenthereal/upterm/server/sshrouting.go:81.11,83.6 1 0
github.com/owenthereal/upterm/server/sshrouting.go:84.48,86.6 1 0
github.com/owenthereal/upterm/server/sshrouting.go:100.73,111.14 8 2
github.com/owenthereal/upterm/server/sshrouting.go:126.4,126.11 1 2
github.com/owenthereal/upterm/server/sshrouting.go:111.14,112.18 1 2
github.com/owenthereal/upterm/server/sshrouting.go:117.5,118.19 2 2
github.com/owenthereal/upterm/server/sshrouting.go:123.5,123.15 1 1
github.com/owenthereal/upterm/server/sshrouting.go:112.18,115.6 2 2
github.com/owenthereal/upterm/server/sshrouting.go:118.19,121.6 2 1
github.com/owenthereal/upterm/server/sshrouting.go:127.23,130.37 2 1
github.com/owenthereal/upterm/server/sshrouting.go:134.25,136.23 2 1
github.com/owenthereal/upterm/server/sshrouting.go:137.47,139.35 2 0
github.com/owenthereal/upterm/server/sshrouting.go:130.37,133.6 2 0
github.com/owenthereal/upterm/server/sshrouting.go:145.39,152.2 5 0
github.com/owenthereal/upterm/server/sshrouting.go:154.52,159.2 3 1
github.com/owenthereal/upterm/server/sshrouting.go:161.56,162.23 1 1
github.com/owenthereal/upterm/server/sshrouting.go:166.2,166.19 1 1
github.com/owenthereal/upterm/server/sshrouting.go:162.23,164.3 1 1
github.com/owenthereal/upterm/server/sshrouting.go:169.44,171.9 2 0
github.com/owenthereal/upterm/server/sshrouting.go:172.12,172.12 0 0
github.com/owenthereal/upterm/server/sshrouting.go:174.10,177.12 1 0
github.com/owenthereal/upterm/server/sshrouting.go:181.51,183.2 1 0
github.com/owenthereal/upterm/host/adminclient.go:14.47,16.2 1 0
github.com/owenthereal/upterm/host/adminclient.go:18.65,21.16 2 0
github.com/owenthereal/upterm/host/adminclient.go:25.2,25.45 1 0
github.com/owenthereal/upterm/host/adminclient.go:21.16,23.3 1 0
github.com/owenthereal/upterm/host/host.go:26.125,27.65 1 2
github.com/owenthereal/upterm/host/host.go:31.2,32.16 2 2
github.com/owenthereal/upterm/host/host.go:36.2,43.31 2 2
github.com/owenthereal/upterm/host/host.go:27.65,29.3 1 0
github.com/owenthereal/upterm/host/host.go:32.16,34.3 1 0
github.com/owenthereal/upterm/host/host.go:68.99,69.66 1 3
github.com/owenthereal/upterm/host/host.go:87.2,87.12 1 0
github.com/owenthereal/upterm/host/host.go:69.66,71.10 2 3
github.com/owenthereal/upterm/host/host.go:76.3,76.26 1 3
github.com/owenthereal/upterm/host/host.go:83.3,83.57 1 2
github.com/owenthereal/upterm/host/host.go:71.10,73.4 1 0
github.com/owenthereal/upterm/host/host.go:76.26,81.4 4 1
github.com/owenthereal/upterm/host/host.go:90.108,97.6 6 2
github.com/owenthereal/upterm/host/host.go:97.6,99.17 2 2
github.com/owenthereal/upterm/host/host.go:103.3,105.40 2 2
github.com/owenthereal/upterm/host/host.go:109.3,109.22 1 0
github.com/owenthereal/upterm/host/host.go:113.3,113.73 1 0
github.com/owenthereal/upterm/host/host.go:99.17,101.4 1 0
github.com/owenthereal/upterm/host/host.go:105.40,107.4 1 2
github.com/owenthereal/upterm/host/host.go:109.22,111.4 1 0
github.com/owenthereal/upterm/host/host.go:117.84,119.16 2 2
github.com/owenthereal/upterm/host/host.go:122.2,125.54 3 2
github.com/owenthereal/upterm/host/host.go:129.2,129.12 1 2
github.com/owenthereal/upterm/host/host.go:119.16,121.3 1 0
github.com/owenthereal/upterm/host/host.go:125.54,127.3 1 0
github.com/owenthereal/upterm/host/host.go:150.47,152.16 2 0
github.com/owenthereal/upterm/host/host.go:156.2,156.20 1 0
github.com/owenthereal/upterm/host/host.go:159.2,159.21 1 0
github.com/owenthereal/upterm/host/host.go:163.2,175.16 5 0
github.com/owenthereal/upterm/host/host.go:178.2,180.29 2 0
github.com/owenthereal/upterm/host/host.go:191.2,202.37 4 0
github.com/owenthereal/upterm/host/host.go:208.2,214.2 5 0
github.com/owenthereal/upterm/host/host.go:299.2,299.16 1 0
github.com/owenthereal/upterm/host/host.go:152.16,154.3 1 0
github.com/owenthereal/upterm/host/host.go:156.20,158.3 1 0
github.com/owenthereal/upterm/host/host.go:159.21,161.3 1 0
github.com/owenthereal/upterm/host/host.go:175.16,177.3 1 0
github.com/owenthereal/upterm/host/host.go:180.29,182.17 2 0
github.com/owenthereal/upterm/host/host.go:186.3,188.37 2 0
github.com/owenthereal/upterm/host/host.go:182.17,184.4 1 0
github.com/owenthereal/upterm/host/host.go:202.37,203.59 1 0
github.com/owenthereal/upterm/host/host.go:203.59,205.4 1 0
github.com/owenthereal/upterm/host/host.go:214.2,220.22 3 0
github.com/owenthereal/upterm/host/host.go:220.22,222.4 1 0
github.com/owenthereal/upterm/host/host.go:222.22,225.4 2 0
github.com/owenthereal/upterm/host/host.go:227.2,228.22 1 0
github.com/owenthereal/upterm/host/host.go:228.22,229.63 1 0
github.com/owenthereal/upterm/host/host.go:245.4,245.14 1 0
github.com/owenthereal/upterm/host/host.go:229.63,231.23 2 0
github.com/owenthereal/upterm/host/host.go:235.5,236.11 2 0
github.com/owenthereal/upterm/host/host.go:231.23,232.14 1 0
github.com/owenthereal/upterm/host/host.go:236.11,239.39 3 0
github.com/owenthereal/upterm/host/host.go:239.39,241.7 1 0
github.com/owenthereal/upterm/host/host.go:246.22,248.4 1 0
github.com/owenthereal/upterm/host/host.go:250.2,251.22 1 0
github.com/owenthereal/upterm/host/host.go:251.22,252.61 1 0
github.com/owenthereal/upterm/host/host.go:269.4,269.14 1 0
github.com/owenthereal/upterm/host/host.go:252.61,254.23 2 0
github.com/owenthereal/upterm/host/host.go:258.5,259.11 2 0
github.com/owenthereal/upterm/host/host.go:254.23,255.14 1 0
github.com/owenthereal/upterm/host/host.go:259.11,263.54 4 0
github.com/owenthereal/upterm/host/host.go:263.54,265.7 1 0
github.com/owenthereal/upterm/host/host.go:270.22,272.4 1 0
github.com/owenthereal/upterm/host/host.go:274.2,292.22 5 0
github.com/owenthereal/upterm/host/host.go:292.22,294.4 1 0
github.com/owenthereal/upterm/host/host.go:294.22,296.4 1 0
github.com/owenthereal/upterm/host/host.go:302.31,304.2 1 3
github.com/owenthereal/upterm/host/host.go:306.46,308.24 2 2
github.com/owenthereal/upterm/host/host.go:317.2,317.12 1 2
github.com/owenthereal/upterm/host/host.go:308.24,310.17 2 1
github.com/owenthereal/upterm/host/host.go:314.3,314.21 1 1
github.com/owenthereal/upterm/host/host.go:310.17,312.4 1 0
github.com/owenthereal/upterm/host/signer.go:27.51,29.2 1 2
github.com/owenthereal/upterm/host/signer.go:31.59,33.16 2 0
github.com/owenthereal/upterm/host/signer.go:37.2,38.35 2 0
github.com/owenthereal/upterm/host/signer.go:48.2,48.28 1 0
github.com/owenthereal/upterm/host/signer.go:33.16,35.3 1 0
github.com/owenthereal/upterm/host/signer.go:38.35,40.17 2 0
github.com/owenthereal/upterm/host/signer.go:44.3,45.29 2 0
github.com/owenthereal/upterm/host/signer.go:40.17,42.4 1 0
github.com/owenthereal/upterm/host/signer.go:51.86,52.19 1 0
github.com/owenthereal/upterm/host/signer.go:54.2,55.18 2 0
github.com/owenthereal/upterm/host/signer.go:61.2,61.30 1 0
github.com/owenthereal/upterm/host/signer.go:52.20,52.21 0 0
github.com/owenthereal/upterm/host/signer.go:55.18,57.3 1 0
github.com/owenthereal/upterm/host/signer.go:57.8,59.3 1 0
github.com/owenthereal/upterm/host/signer.go:64.67,66.35 2 0
github.com/owenthereal/upterm/host/signer.go:73.2,73.21 1 0
github.com/owenthereal/upterm/host/signer.go:66.35,68.17 2 0
github.com/owenthereal/upterm/host/signer.go:68.17,70.4 1 0
github.com/owenthereal/upterm/host/signer.go:76.112,78.16 2 0
github.com/owenthereal/upterm/host/signer.go:81.2,81.18 1 0
github.com/owenthereal/upterm/host/signer.go:83.2,85.16 3 0
github.com/owenthereal/upterm/host/signer.go:89.2,90.27 2 0
github.com/owenthereal/upterm/host/signer.go:99.2,99.14 1 0
github.com/owenthereal/upterm/host/signer.go:111.2,111.29 1 0
github.com/owenthereal/upterm/host/signer.go:78.16,80.3 1 0
github.com/owenthereal/upterm/host/signer.go:81.18,81.34 1 0
github.com/owenthereal/upterm/host/signer.go:85.16,87.3 1 0
github.com/owenthereal/upterm/host/signer.go:90.27,91.34 1 0
github.com/owenthereal/upterm/host/signer.go:91.34,92.25 1 0
github.com/owenthereal/upterm/host/signer.go:92.25,94.10 2 0
github.com/owenthereal/upterm/host/signer.go:99.14,101.17 2 0
github.com/owenthereal/upterm/host/signer.go:101.17,103.4 1 0
github.com/owenthereal/upterm/host/signer.go:104.8,106.17 2 0
github.com/owenthereal/upterm/host/signer.go:106.17,108.4 1 0
github.com/owenthereal/upterm/host/signer.go:114.109,116.16 2 4
github.com/owenthereal/upterm/host/signer.go:120.2,121.16 2 4
github.com/owenthereal/upterm/host/signer.go:124.2,125.96 2 4
github.com/owenthereal/upterm/host/signer.go:130.2,130.25 1 4
github.com/owenthereal/upterm/host/signer.go:148.2,148.45 1 2
github.com/owenthereal/upterm/host/signer.go:116.16,118.3 1 0
github.com/owenthereal/upterm/host/signer.go:121.16,123.3 1 0
github.com/owenthereal/upterm/host/signer.go:125.96,127.3 1 0
github.com/owenthereal/upterm/host/signer.go:130.25,132.17 2 8
github.com/owenthereal/upterm/host/signer.go:138.3,139.17 2 8
github.com/owenthereal/upterm/host/signer.go:143.3,143.52 1 6
github.com/owenthereal/upterm/host/signer.go:132.17,134.4 1 0
github.com/owenthereal/upterm/host/signer.go:139.17,141.4 1 2
github.com/owenthereal/upterm/host/signer.go:143.52,145.4 1 0
github.com/owenthereal/upterm/host/signer.go:151.55,157.2 3 0
