mode: atomic
github.com/owenthereal/upterm/cmd/upterm/command/host.go:36.31,67.16 3 0
github.com/owenthereal/upterm/cmd/upterm/command/host.go:67.16,69.3 1 0
github.com/owenthereal/upterm/cmd/upterm/command/host.go:71.2,82.12 11 0
github.com/owenthereal/upterm/cmd/upterm/command/host.go:85.72,88.22 2 0
github.com/owenthereal/upterm/cmd/upterm/command/host.go:88.22,90.3 1 0
github.com/owenthereal/upterm/cmd/upterm/command/host.go:90.8,92.17 2 0
github.com/owenthereal/upterm/cmd/upterm/command/host.go:92.17,94.4 1 0
github.com/owenthereal/upterm/cmd/upterm/command/host.go:96.3,96.15 1 0
github.com/owenthereal/upterm/cmd/upterm/command/host.go:96.15,97.66 1 0
github.com/owenthereal/upterm/cmd/upterm/command/host.go:97.66,99.5 1 0
github.com/owenthereal/upterm/cmd/upterm/command/host.go:101.4,101.25 1 0
github.com/owenthereal/upterm/cmd/upterm/command/host.go:101.25,103.19 2 0
github.com/owenthereal/upterm/cmd/upterm/command/host.go:103.19,105.6 1 0
github.com/owenthereal/upterm/cmd/upterm/command/host.go:109.4,109.42 1 0
github.com/owenthereal/upterm/cmd/upterm/command/host.go:109.42,112.5 2 0
github.com/owenthereal/upterm/cmd/upterm/command/host.go:113.4,113.43 1 0
github.com/owenthereal/upterm/cmd/upterm/command/host.go:113.43,116.5 2 0
github.com/owenthereal/upterm/cmd/upterm/command/host.go:120.2,120.15 1 0
github.com/owenthereal/upterm/cmd/upterm/command/host.go:123.55,125.20 2 0
github.com/owenthereal/upterm/cmd/upterm/command/host.go:125.20,127.17 2 0
github.com/owenthereal/upterm/cmd/upterm/command/host.go:127.17,129.4 1 0
github.com/owenthereal/upterm/cmd/upterm/command/host.go:131.3,131.21 1 0
github.com/owenthereal/upterm/cmd/upterm/command/host.go:131.21,133.4 1 0
github.com/owenthereal/upterm/cmd/upterm/command/host.go:136.2,137.28 2 0
github.com/owenthereal/upterm/cmd/upterm/command/host.go:137.28,139.17 2 0
github.com/owenthereal/upterm/cmd/upterm/command/host.go:139.17,141.4 1 0
github.com/owenthereal/upterm/cmd/upterm/command/host.go:144.2,145.16 2 0
github.com/owenthereal/upterm/cmd/upterm/command/host.go:145.16,147.3 1 0
github.com/owenthereal/upterm/cmd/upterm/command/host.go:148.2,154.30 5 0
github.com/owenthereal/upterm/cmd/upterm/command/host.go:154.30,156.17 2 0
github.com/owenthereal/upterm/cmd/upterm/command/host.go:156.17,158.4 1 0
github.com/owenthereal/upterm/cmd/upterm/command/host.go:159.3,159.47 1 0
github.com/owenthereal/upterm/cmd/upterm/command/host.go:161.2,161.28 1 0
github.com/owenthereal/upterm/cmd/upterm/command/host.go:161.28,163.17 2 0
github.com/owenthereal/upterm/cmd/upterm/command/host.go:163.17,165.4 1 0
github.com/owenthereal/upterm/cmd/upterm/command/host.go:166.3,166.61 1 0
github.com/owenthereal/upterm/cmd/upterm/command/host.go:168.2,168.28 1 0
github.com/owenthereal/upterm/cmd/upterm/command/host.go:168.28,170.17 2 0
github.com/owenthereal/upterm/cmd/upterm/command/host.go:170.17,172.4 1 0
github.com/owenthereal/upterm/cmd/upterm/command/host.go:173.3,173.61 1 0
github.com/owenthereal/upterm/cmd/upterm/command/host.go:175.2,175.31 1 0
github.com/owenthereal/upterm/cmd/upterm/command/host.go:175.31,177.17 2 0
github.com/owenthereal/upterm/cmd/upterm/command/host.go:177.17,179.4 1 0
github.com/owenthereal/upterm/cmd/upterm/command/host.go:180.3,180.64 1 0
github.com/owenthereal/upterm/cmd/upterm/command/host.go:183.2,184.16 2 0
github.com/owenthereal/upterm/cmd/upterm/command/host.go:184.16,186.3 1 0
github.com/owenthereal/upterm/cmd/upterm/command/host.go:187.2,187.20 1 0
github.com/owenthereal/upterm/cmd/upterm/command/host.go:187.20,189.3 1 0
github.com/owenthereal/upterm/cmd/upterm/command/host.go:191.2,192.16 2 0
github.com/owenthereal/upterm/cmd/upterm/command/host.go:192.16,194.3 1 0
github.com/owenthereal/upterm/cmd/upterm/command/host.go:196.2,213.36 2 0
github.com/owenthereal/upterm/cmd/upterm/command/host.go:216.42,218.2 1 0
github.com/owenthereal/upterm/cmd/upterm/command/host.go:220.40,222.2 1 0
github.com/owenthereal/upterm/cmd/upterm/command/host.go:224.39,226.2 1 0
github.com/owenthereal/upterm/cmd/upterm/command/host.go:228.68,229.48 1 0
github.com/owenthereal/upterm/cmd/upterm/command/host.go:229.48,231.3 1 0
github.com/owenthereal/upterm/cmd/upterm/command/host.go:233.2,233.17 1 0
github.com/owenthereal/upterm/cmd/upterm/command/host.go:233.17,236.41 2 0
github.com/owenthereal/upterm/cmd/upterm/command/host.go:236.41,238.4 1 0
github.com/owenthereal/upterm/cmd/upterm/command/host.go:239.3,242.7 3 0
github.com/owenthereal/upterm/cmd/upterm/command/host.go:242.7,244.18 2 0
github.com/owenthereal/upterm/cmd/upterm/command/host.go:244.18,246.5 1 0
github.com/owenthereal/upterm/cmd/upterm/command/host.go:246.10,246.54 1 0
github.com/owenthereal/upterm/cmd/upterm/command/host.go:246.54,247.10 1 0
github.com/owenthereal/upterm/cmd/upterm/command/host.go:252.2,252.12 1 0
github.com/owenthereal/upterm/cmd/upterm/command/host.go:255.50,264.4 2 0
github.com/owenthereal/upterm/cmd/upterm/command/host.go:264.4,266.48 2 0
github.com/owenthereal/upterm/cmd/upterm/command/host.go:266.48,267.12 1 0
github.com/owenthereal/upterm/cmd/upterm/command/host.go:270.3,270.24 1 0
github.com/owenthereal/upterm/cmd/upterm/command/host.go:273.2,273.12 1 0
github.com/owenthereal/upterm/cmd/upterm/command/host.go:276.46,278.2 1 0
github.com/owenthereal/upterm/cmd/upterm/command/proxy.go:16.32,30.2 2 0
github.com/owenthereal/upterm/cmd/upterm/command/proxy.go:32.55,33.20 1 0
github.com/owenthereal/upterm/cmd/upterm/command/proxy.go:33.20,35.3 1 0
github.com/owenthereal/upterm/cmd/upterm/command/proxy.go:37.2,38.16 2 0
github.com/owenthereal/upterm/cmd/upterm/command/proxy.go:38.16,40.3 1 0
github.com/owenthereal/upterm/cmd/upterm/command/proxy.go:42.2,43.16 2 0
github.com/owenthereal/upterm/cmd/upterm/command/proxy.go:43.16,45.3 1 0
github.com/owenthereal/upterm/cmd/upterm/command/proxy.go:47.2,51.2 4 0
github.com/owenthereal/upterm/cmd/upterm/command/proxy.go:51.2,52.22 1 0
github.com/owenthereal/upterm/cmd/upterm/command/proxy.go:52.22,55.4 2 0
github.com/owenthereal/upterm/cmd/upterm/command/proxy.go:55.22,58.4 2 0
github.com/owenthereal/upterm/cmd/upterm/command/proxy.go:60.2,61.22 1 0
github.com/owenthereal/upterm/cmd/upterm/command/proxy.go:61.22,64.4 2 0
github.com/owenthereal/upterm/cmd/upterm/command/proxy.go:64.22,67.4 2 0
github.com/owenthereal/upterm/cmd/upterm/command/proxy.go:70.2,70.16 1 0
github.com/owenthereal/upterm/cmd/upterm/command/root.go:7.28,34.2 7 0
github.com/owenthereal/upterm/cmd/upterm/command/session.go:24.34,35.2 5 0
github.com/owenthereal/upterm/cmd/upterm/command/session.go:37.28,49.2 2 0
github.com/owenthereal/upterm/cmd/upterm/command/session.go:51.28,63.2 2 0
github.com/owenthereal/upterm/cmd/upterm/command/session.go:65.31,85.2 3 0
github.com/owenthereal/upterm/cmd/upterm/command/session.go:87.54,89.16 2 0
github.com/owenthereal/upterm/cmd/upterm/command/session.go:89.16,91.3 1 0
github.com/owenthereal/upterm/cmd/upterm/command/session.go:93.2,94.16 2 0
github.com/owenthereal/upterm/cmd/upterm/command/session.go:94.16,96.3 1 0
github.com/owenthereal/upterm/cmd/upterm/command/session.go:98.2,98.24 1 0
github.com/owenthereal/upterm/cmd/upterm/command/session.go:98.24,101.3 2 0
github.com/owenthereal/upterm/cmd/upterm/command/session.go:103.2,111.12 8 0
github.com/owenthereal/upterm/cmd/upterm/command/session.go:114.54,115.20 1 0
github.com/owenthereal/upterm/cmd/upterm/command/session.go:115.20,117.3 1 0
github.com/owenthereal/upterm/cmd/upterm/command/session.go:119.2,120.16 2 0
github.com/owenthereal/upterm/cmd/upterm/command/session.go:120.16,122.3 1 0
github.com/owenthereal/upterm/cmd/upterm/command/session.go:124.2,124.99 1 0
github.com/owenthereal/upterm/cmd/upterm/command/session.go:127.57,129.2 1 0
github.com/owenthereal/upterm/cmd/upterm/command/session.go:131.51,135.16 3 0
github.com/owenthereal/upterm/cmd/upterm/command/session.go:135.16,137.3 1 0
github.com/owenthereal/upterm/cmd/upterm/command/session.go:139.2,140.29 2 0
github.com/owenthereal/upterm/cmd/upterm/command/session.go:140.29,142.53 1 0
github.com/owenthereal/upterm/cmd/upterm/command/session.go:142.53,143.12 1 0
github.com/owenthereal/upterm/cmd/upterm/command/session.go:146.3,148.17 3 0
github.com/owenthereal/upterm/cmd/upterm/command/session.go:148.17,149.12 1 0
github.com/owenthereal/upterm/cmd/upterm/command/session.go:152.3,153.40 2 0
github.com/owenthereal/upterm/cmd/upterm/command/session.go:153.40,155.4 1 0
github.com/owenthereal/upterm/cmd/upterm/command/session.go:157.3,165.6 1 0
github.com/owenthereal/upterm/cmd/upterm/command/session.go:168.2,168.20 1 0
github.com/owenthereal/upterm/cmd/upterm/command/session.go:171.59,173.16 2 0
github.com/owenthereal/upterm/cmd/upterm/command/session.go:173.16,175.3 1 0
github.com/owenthereal/upterm/cmd/upterm/command/session.go:177.2,177.32 1 0
github.com/owenthereal/upterm/cmd/upterm/command/session.go:180.92,182.16 2 4
github.com/owenthereal/upterm/cmd/upterm/command/session.go:182.16,184.3 1 0
github.com/owenthereal/upterm/cmd/upterm/command/session.go:186.2,188.16 3 4
github.com/owenthereal/upterm/cmd/upterm/command/session.go:188.16,189.64 1 1
github.com/owenthereal/upterm/cmd/upterm/command/session.go:189.64,191.4 1 0
github.com/owenthereal/upterm/cmd/upterm/command/session.go:193.3,195.19 3 1
github.com/owenthereal/upterm/cmd/upterm/command/session.go:196.14,197.15 1 0
github.com/owenthereal/upterm/cmd/upterm/command/session.go:198.13,199.15 1 0
github.com/owenthereal/upterm/cmd/upterm/command/session.go:200.14,201.16 1 1
github.com/owenthereal/upterm/cmd/upterm/command/session.go:205.2,205.8 1 4
github.com/owenthereal/upterm/cmd/upterm/command/session.go:208.60,210.16 2 0
github.com/owenthereal/upterm/cmd/upterm/command/session.go:210.16,212.3 1 0
github.com/owenthereal/upterm/cmd/upterm/command/session.go:214.2,215.16 2 0
github.com/owenthereal/upterm/cmd/upterm/command/session.go:215.16,217.3 1 0
github.com/owenthereal/upterm/cmd/upterm/command/session.go:219.2,220.49 2 0
github.com/owenthereal/upterm/cmd/upterm/command/session.go:220.49,222.3 1 0
github.com/owenthereal/upterm/cmd/upterm/command/session.go:222.8,224.3 1 0
github.com/owenthereal/upterm/cmd/upterm/command/session.go:226.2,227.21 2 0
github.com/owenthereal/upterm/cmd/upterm/command/session.go:227.21,229.19 2 0
github.com/owenthereal/upterm/cmd/upterm/command/session.go:229.19,231.4 1 0
github.com/owenthereal/upterm/cmd/upterm/command/session.go:232.8,234.3 1 0
github.com/owenthereal/upterm/cmd/upterm/command/session.go:236.2,245.45 3 0
github.com/owenthereal/upterm/cmd/upterm/command/session.go:245.45,247.14 2 0
github.com/owenthereal/upterm/cmd/upterm/command/session.go:247.14,250.4 2 0
github.com/owenthereal/upterm/cmd/upterm/command/session.go:251.3,251.95 1 0
github.com/owenthereal/upterm/cmd/upterm/command/session.go:254.2,268.12 14 0
github.com/owenthereal/upterm/cmd/upterm/command/session.go:271.61,273.2 1 0
github.com/owenthereal/upterm/cmd/upterm/command/session.go:275.38,277.2 1 0
github.com/owenthereal/upterm/cmd/upterm/command/session.go:279.67,281.16 2 0
github.com/owenthereal/upterm/cmd/upterm/command/session.go:281.16,283.3 1 0
github.com/owenthereal/upterm/cmd/upterm/command/session.go:285.2,285.69 1 0
github.com/owenthereal/upterm/cmd/upterm/command/session.go:288.74,290.27 2 0
github.com/owenthereal/upterm/cmd/upterm/command/session.go:290.27,292.3 1 0
github.com/owenthereal/upterm/cmd/upterm/command/session.go:294.2,294.31 1 0
github.com/owenthereal/upterm/cmd/upterm/command/session.go:294.31,296.3 1 0
github.com/owenthereal/upterm/cmd/upterm/command/session.go:298.2,298.12 1 0
github.com/owenthereal/upterm/cmd/upterm/command/session.go:301.62,303.26 2 0
github.com/owenthereal/upterm/cmd/upterm/command/session.go:303.26,305.47 2 0
github.com/owenthereal/upterm/cmd/upterm/command/session.go:305.47,307.4 1 0
github.com/owenthereal/upterm/cmd/upterm/command/session.go:308.3,308.81 1 0
github.com/owenthereal/upterm/cmd/upterm/command/session.go:311.2,311.32 1 0
github.com/owenthereal/upterm/cmd/upterm/command/session.go:314.33,315.13 1 0
github.com/owenthereal/upterm/cmd/upterm/command/session.go:315.13,317.3 1 0
github.com/owenthereal/upterm/cmd/upterm/command/session.go:319.2,319.10 1 0
github.com/owenthereal/upterm/cmd/upterm/command/upgrade.go:19.34,32.2 2 0
github.com/owenthereal/upterm/cmd/upterm/command/upgrade.go:34.57,48.19 5 0
github.com/owenthereal/upterm/cmd/upterm/command/upgrade.go:48.19,50.17 2 0
github.com/owenthereal/upterm/cmd/upterm/command/upgrade.go:50.17,52.4 1 0
github.com/owenthereal/upterm/cmd/upterm/command/upgrade.go:54.3,54.18 1 0
github.com/owenthereal/upterm/cmd/upterm/command/upgrade.go:55.8,58.17 2 0
github.com/owenthereal/upterm/cmd/upterm/command/upgrade.go:58.17,60.4 1 0
github.com/owenthereal/upterm/cmd/upterm/command/upgrade.go:63.3,63.25 1 0
github.com/owenthereal/upterm/cmd/upterm/command/upgrade.go:63.25,65.4 1 0
github.com/owenthereal/upterm/cmd/upterm/command/upgrade.go:68.3,68.27 1 0
github.com/owenthereal/upterm/cmd/upterm/command/upgrade.go:71.2,71.46 1 0
github.com/owenthereal/upterm/cmd/upterm/command/upgrade.go:71.46,74.3 2 0
github.com/owenthereal/upterm/cmd/upterm/command/upgrade.go:77.2,78.14 2 0
github.com/owenthereal/upterm/cmd/upterm/command/upgrade.go:78.14,80.3 1 0
github.com/owenthereal/upterm/cmd/upterm/command/upgrade.go:83.2,84.16 2 0
github.com/owenthereal/upterm/cmd/upterm/command/upgrade.go:84.16,86.3 1 0
github.com/owenthereal/upterm/cmd/upterm/command/upgrade.go:89.2,89.43 1 0
github.com/owenthereal/upterm/cmd/upterm/command/upgrade.go:89.43,91.3 1 0
github.com/owenthereal/upterm/cmd/upterm/command/upgrade.go:93.2,94.12 2 0
github.com/owenthereal/upterm/cmd/upterm/command/upgrade.go:97.35,99.2 1 0
github.com/owenthereal/upterm/cmd/upterm/command/upgrade.go:105.73,107.29 2 0
github.com/owenthereal/upterm/cmd/upterm/command/upgrade.go:107.29,109.50 2 0
github.com/owenthereal/upterm/cmd/upterm/command/upgrade.go:109.50,111.4 1 0
github.com/owenthereal/upterm/cmd/upterm/command/upgrade.go:114.2,114.12 1 0
github.com/owenthereal/upterm/cmd/upterm/command/upgrade.go:123.69,131.27 5 0
github.com/owenthereal/upterm/cmd/upterm/command/upgrade.go:131.27,133.3 1 0
github.com/owenthereal/upterm/cmd/upterm/command/upgrade.go:135.2,135.16 1 0
github.com/owenthereal/upterm/cmd/upterm/command/upgrade.go:135.16,137.3 1 0
github.com/owenthereal/upterm/cmd/upterm/command/upgrade.go:139.2,139.30 1 0
github.com/owenthereal/upterm/cmd/upterm/command/upgrade.go:142.61,149.16 5 0
github.com/owenthereal/upterm/cmd/upterm/command/upgrade.go:149.16,151.3 1 0
github.com/owenthereal/upterm/cmd/upterm/command/upgrade.go:153.2,155.8 1 0
github.com/owenthereal/upterm/cmd/upterm/command/upgrade.go:158.62,166.29 2 0
github.com/owenthereal/upterm/cmd/upterm/command/upgrade.go:166.29,173.3 1 0
github.com/owenthereal/upterm/cmd/upterm/command/upgrade.go:175.2,175.12 1 0
github.com/owenthereal/upterm/cmd/upterm/command/version.go:11.34,15.53 1 0
github.com/owenthereal/upterm/cmd/upterm/command/version.go:15.53,18.4 2 0
github.com/owenthereal/upterm/cmd/upterm/command/version.go:21.2,21.12 1 0
github.com/owenthereal/upterm/host/adminclient.go:15.47,17.2 1 0
github.com/owenthereal/upterm/host/adminclient.go:19.65,22.16 2 0
github.com/owenthereal/upterm/host/adminclient.go:22.16,24.3 1 0
github.com/owenthereal/upterm/host/adminclient.go:26.2,26.45 1 0
github.com/owenthereal/upterm/host/authorizedkeys.go:28.66,30.16 2 0
github.com/owenthereal/upterm/host/authorizedkeys.go:30.16,32.3 1 0
github.com/owenthereal/upterm/host/authorizedkeys.go:34.2,34.55 1 0
github.com/owenthereal/upterm/host/authorizedkeys.go:37.100,42.37 2 0
github.com/owenthereal/upterm/host/authorizedkeys.go:42.37,43.41 1 0
github.com/owenthereal/upterm/host/authorizedkeys.go:43.41,47.18 3 0
github.com/owenthereal/upterm/host/authorizedkeys.go:47.18,49.5 1 0
github.com/owenthereal/upterm/host/authorizedkeys.go:51.4,52.18 2 0
github.com/owenthereal/upterm/host/authorizedkeys.go:52.18,54.5 1 0
github.com/owenthereal/upterm/host/authorizedkeys.go:56.4,56.48 1 0
github.com/owenthereal/upterm/host/authorizedkeys.go:60.2,60.28 1 0
github.com/owenthereal/upterm/host/authorizedkeys.go:63.77,65.2 1 0
github.com/owenthereal/upterm/host/authorizedkeys.go:67.80,69.2 1 0
github.com/owenthereal/upterm/host/authorizedkeys.go:71.84,73.25 2 0
github.com/owenthereal/upterm/host/authorizedkeys.go:73.25,75.17 2 0
github.com/owenthereal/upterm/host/authorizedkeys.go:75.17,77.4 1 0
github.com/owenthereal/upterm/host/authorizedkeys.go:79.3,80.19 2 0
github.com/owenthereal/upterm/host/authorizedkeys.go:83.2,86.8 1 0
github.com/owenthereal/upterm/host/authorizedkeys.go:89.83,91.16 2 0
github.com/owenthereal/upterm/host/authorizedkeys.go:91.16,92.79 1 0
github.com/owenthereal/upterm/host/authorizedkeys.go:92.79,96.4 2 0
github.com/owenthereal/upterm/host/authorizedkeys.go:98.3,98.18 1 0
github.com/owenthereal/upterm/host/authorizedkeys.go:101.2,104.98 2 0
github.com/owenthereal/upterm/host/authorizedkeys.go:104.98,106.3 1 0
github.com/owenthereal/upterm/host/authorizedkeys.go:108.2,109.27 2 0
github.com/owenthereal/upterm/host/authorizedkeys.go:109.27,111.3 1 0
github.com/owenthereal/upterm/host/authorizedkeys.go:113.2,113.56 1 0
github.com/owenthereal/upterm/host/authorizedkeys.go:116.83,121.37 2 0
github.com/owenthereal/upterm/host/authorizedkeys.go:121.37,122.41 1 0
github.com/owenthereal/upterm/host/authorizedkeys.go:122.41,126.18 3 0
github.com/owenthereal/upterm/host/authorizedkeys.go:126.18,128.5 1 0
github.com/owenthereal/upterm/host/authorizedkeys.go:129.4,130.18 2 0
github.com/owenthereal/upterm/host/authorizedkeys.go:130.18,132.5 1 0
github.com/owenthereal/upterm/host/authorizedkeys.go:134.4,134.53 1 0
github.com/owenthereal/upterm/host/authorizedkeys.go:137.2,137.28 1 0
github.com/owenthereal/upterm/host/authorizedkeys.go:140.69,147.16 4 0
github.com/owenthereal/upterm/host/authorizedkeys.go:147.16,149.3 1 0
github.com/owenthereal/upterm/host/authorizedkeys.go:150.2,152.30 2 0
github.com/owenthereal/upterm/host/host.go:26.125,27.65 1 2
github.com/owenthereal/upterm/host/host.go:27.65,29.3 1 0
github.com/owenthereal/upterm/host/host.go:31.2,32.16 2 2
github.com/owenthereal/upterm/host/host.go:32.16,34.3 1 0
github.com/owenthereal/upterm/host/host.go:36.2,43.31 2 2
github.com/owenthereal/upterm/host/host.go:71.99,72.66 1 3
github.com/owenthereal/upterm/host/host.go:72.66,75.71 2 3
github.com/owenthereal/upterm/host/host.go:75.71,77.4 1 0
github.com/owenthereal/upterm/host/host.go:80.3,80.41 1 3
github.com/owenthereal/upterm/host/host.go:80.41,85.4 4 1
github.com/owenthereal/upterm/host/host.go:87.3,87.57 1 2
github.com/owenthereal/upterm/host/host.go:90.2,90.12 1 0
github.com/owenthereal/upterm/host/host.go:93.108,95.12 2 2
github.com/owenthereal/upterm/host/host.go:95.12,97.3 1 0
github.com/owenthereal/upterm/host/host.go:99.2,105.6 6 2
github.com/owenthereal/upterm/host/host.go:105.6,107.17 2 2
github.com/owenthereal/upterm/host/host.go:107.17,109.4 1 0
github.com/owenthereal/upterm/host/host.go:111.3,113.40 2 2
github.com/owenthereal/upterm/host/host.go:113.40,115.4 1 2
github.com/owenthereal/upterm/host/host.go:117.3,117.22 1 0
github.com/owenthereal/upterm/host/host.go:117.22,119.4 1 0
github.com/owenthereal/upterm/host/host.go:121.3,121.73 1 0
github.com/owenthereal/upterm/host/host.go:125.105,127.16 2 2
github.com/owenthereal/upterm/host/host.go:127.16,129.3 1 0
github.com/owenthereal/upterm/host/host.go:130.2,134.24 3 2
github.com/owenthereal/upterm/host/host.go:134.24,136.3 1 0
github.com/owenthereal/upterm/host/host.go:138.2,140.12 2 2
github.com/owenthereal/upterm/host/host.go:140.12,142.3 1 0
github.com/owenthereal/upterm/host/host.go:144.2,144.54 1 2
github.com/owenthereal/upterm/host/host.go:144.54,146.3 1 0
github.com/owenthereal/upterm/host/host.go:148.2,148.12 1 2
github.com/owenthereal/upterm/host/host.go:169.47,171.16 2 0
github.com/owenthereal/upterm/host/host.go:171.16,173.3 1 0
github.com/owenthereal/upterm/host/host.go:175.2,175.20 1 0
github.com/owenthereal/upterm/host/host.go:175.20,177.3 1 0
github.com/owenthereal/upterm/host/host.go:178.2,178.21 1 0
github.com/owenthereal/upterm/host/host.go:178.21,180.3 1 0
github.com/owenthereal/upterm/host/host.go:182.2,183.38 2 0
github.com/owenthereal/upterm/host/host.go:183.38,185.3 1 0
github.com/owenthereal/upterm/host/host.go:187.2,199.16 5 0
github.com/owenthereal/upterm/host/host.go:199.16,201.3 1 0
github.com/owenthereal/upterm/host/host.go:202.2,204.29 2 0
github.com/owenthereal/upterm/host/host.go:204.29,206.17 2 0
github.com/owenthereal/upterm/host/host.go:206.17,208.4 1 0
github.com/owenthereal/upterm/host/host.go:210.3,212.37 2 0
github.com/owenthereal/upterm/host/host.go:215.2,227.37 4 0
github.com/owenthereal/upterm/host/host.go:227.37,228.59 1 0
github.com/owenthereal/upterm/host/host.go:228.59,230.4 1 0
github.com/owenthereal/upterm/host/host.go:233.2,239.2 5 0
github.com/owenthereal/upterm/host/host.go:239.2,245.22 3 0
github.com/owenthereal/upterm/host/host.go:245.22,247.4 1 0
github.com/owenthereal/upterm/host/host.go:247.22,250.4 2 0
github.com/owenthereal/upterm/host/host.go:252.2,253.22 1 0
github.com/owenthereal/upterm/host/host.go:253.22,254.63 1 0
github.com/owenthereal/upterm/host/host.go:254.63,256.23 2 0
github.com/owenthereal/upterm/host/host.go:256.23,257.14 1 0
github.com/owenthereal/upterm/host/host.go:260.5,261.11 2 0
github.com/owenthereal/upterm/host/host.go:261.11,264.39 3 0
github.com/owenthereal/upterm/host/host.go:264.39,266.7 1 0
github.com/owenthereal/upterm/host/host.go:270.4,270.14 1 0
github.com/owenthereal/upterm/host/host.go:271.22,273.4 1 0
github.com/owenthereal/upterm/host/host.go:275.2,276.22 1 0
github.com/owenthereal/upterm/host/host.go:276.22,277.61 1 0
github.com/owenthereal/upterm/host/host.go:277.61,279.23 2 0
github.com/owenthereal/upterm/host/host.go:279.23,280.14 1 0
github.com/owenthereal/upterm/host/host.go:283.5,284.11 2 0
github.com/owenthereal/upterm/host/host.go:284.11,286.23 2 0
github.com/owenthereal/upterm/host/host.go:286.23,289.55 3 0
github.com/owenthereal/upterm/host/host.go:289.55,291.8 1 0
github.com/owenthereal/upterm/host/host.go:296.4,296.14 1 0
github.com/owenthereal/upterm/host/host.go:297.22,299.4 1 0
github.com/owenthereal/upterm/host/host.go:301.2,319.22 5 0
github.com/owenthereal/upterm/host/host.go:319.22,321.4 1 0
github.com/owenthereal/upterm/host/host.go:321.22,323.4 1 0
github.com/owenthereal/upterm/host/host.go:326.2,326.16 1 0
github.com/owenthereal/upterm/host/host.go:329.31,331.2 1 3
github.com/owenthereal/upterm/host/host.go:333.46,335.24 2 2
github.com/owenthereal/upterm/host/host.go:335.24,337.48 2 1
github.com/owenthereal/upterm/host/host.go:337.48,339.4 1 0
github.com/owenthereal/upterm/host/host.go:341.3,342.17 2 1
github.com/owenthereal/upterm/host/host.go:342.17,344.4 1 0
github.com/owenthereal/upterm/host/host.go:346.3,346.21 1 1
github.com/owenthereal/upterm/host/host.go:349.2,349.12 1 2
github.com/owenthereal/upterm/host/host.go:352.69,354.25 2 0
github.com/owenthereal/upterm/host/host.go:354.25,356.36 2 0
github.com/owenthereal/upterm/host/host.go:356.36,358.4 1 0
github.com/owenthereal/upterm/host/host.go:360.3,363.5 1 0
github.com/owenthereal/upterm/host/host.go:366.2,366.15 1 0
github.com/owenthereal/upterm/host/signer.go:27.51,29.2 1 2
github.com/owenthereal/upterm/host/signer.go:34.66,42.37 3 0
github.com/owenthereal/upterm/host/signer.go:42.37,44.3 1 0
github.com/owenthereal/upterm/host/signer.go:46.2,46.16 1 0
github.com/owenthereal/upterm/host/signer.go:46.16,48.3 1 0
github.com/owenthereal/upterm/host/signer.go:50.2,50.30 1 0
github.com/owenthereal/upterm/host/signer.go:53.67,55.35 2 0
github.com/owenthereal/upterm/host/signer.go:55.35,57.17 2 0
github.com/owenthereal/upterm/host/signer.go:57.17,59.4 1 0
github.com/owenthereal/upterm/host/signer.go:62.2,62.21 1 0
github.com/owenthereal/upterm/host/signer.go:65.71,66.20 1 0
github.com/owenthereal/upterm/host/signer.go:66.21,66.22 0 0
github.com/owenthereal/upterm/host/signer.go:67.2,67.18 1 0
github.com/owenthereal/upterm/host/signer.go:67.18,69.3 1 0
github.com/owenthereal/upterm/host/signer.go:71.2,72.16 2 0
github.com/owenthereal/upterm/host/signer.go:72.16,74.3 1 0
github.com/owenthereal/upterm/host/signer.go:75.2,75.19 1 0
github.com/owenthereal/upterm/host/signer.go:75.19,75.35 1 0
github.com/owenthereal/upterm/host/signer.go:77.2,80.30 3 0
github.com/owenthereal/upterm/host/signer.go:83.109,85.16 2 4
github.com/owenthereal/upterm/host/signer.go:85.16,87.3 1 2
github.com/owenthereal/upterm/host/signer.go:89.2,89.34 1 2
github.com/owenthereal/upterm/host/signer.go:92.118,94.16 2 4
github.com/owenthereal/upterm/host/signer.go:94.16,96.3 1 0
github.com/owenthereal/upterm/host/signer.go:98.2,99.16 2 4
github.com/owenthereal/upterm/host/signer.go:99.16,101.3 1 0
github.com/owenthereal/upterm/host/signer.go:103.2,104.96 2 4
github.com/owenthereal/upterm/host/signer.go:104.96,106.3 1 0
github.com/owenthereal/upterm/host/signer.go:109.2,109.25 1 4
github.com/owenthereal/upterm/host/signer.go:109.25,111.17 2 8
github.com/owenthereal/upterm/host/signer.go:111.17,113.4 1 0
github.com/owenthereal/upterm/host/signer.go:115.3,116.17 2 8
github.com/owenthereal/upterm/host/signer.go:116.17,118.4 1 2
github.com/owenthereal/upterm/host/signer.go:120.3,120.51 1 6
github.com/owenthereal/upterm/host/signer.go:120.51,122.4 1 0
github.com/owenthereal/upterm/host/signer.go:125.2,125.45 1 2
github.com/owenthereal/upterm/host/signer.go:128.55,134.2 3 0
github.com/owenthereal/upterm/host/api/api.pb.go:42.50,46.2 3 0
github.com/owenthereal/upterm/host/api/api.pb.go:48.42,50.2 1 0
github.com/owenthereal/upterm/host/api/api.pb.go:52.65,54.2 1 0
github.com/owenthereal/upterm/host/api/api.pb.go:56.53,58.2 1 0
github.com/owenthereal/upterm/host/api/api.pb.go:60.59,62.2 1 0
github.com/owenthereal/upterm/host/api/api.pb.go:65.57,67.2 1 0
github.com/owenthereal/upterm/host/api/api.pb.go:75.37,77.29 2 0
github.com/owenthereal/upterm/host/api/api.pb.go:77.29,81.3 3 0
github.com/owenthereal/upterm/host/api/api.pb.go:84.45,86.2 1 0
github.com/owenthereal/upterm/host/api/api.pb.go:88.43,88.44 0 0
github.com/owenthereal/upterm/host/api/api.pb.go:90.65,92.41 2 0
github.com/owenthereal/upterm/host/api/api.pb.go:92.41,94.34 2 0
github.com/owenthereal/upterm/host/api/api.pb.go:94.34,96.4 1 0
github.com/owenthereal/upterm/host/api/api.pb.go:97.3,97.12 1 0
github.com/owenthereal/upterm/host/api/api.pb.go:99.2,99.24 1 0
github.com/owenthereal/upterm/host/api/api.pb.go:103.56,105.2 1 0
github.com/owenthereal/upterm/host/api/api.pb.go:121.38,123.29 2 0
github.com/owenthereal/upterm/host/api/api.pb.go:123.29,127.3 3 0
github.com/owenthereal/upterm/host/api/api.pb.go:130.46,132.2 1 0
github.com/owenthereal/upterm/host/api/api.pb.go:134.44,134.45 0 0
github.com/owenthereal/upterm/host/api/api.pb.go:136.66,138.41 2 0
github.com/owenthereal/upterm/host/api/api.pb.go:138.41,140.34 2 0
github.com/owenthereal/upterm/host/api/api.pb.go:140.34,142.4 1 0
github.com/owenthereal/upterm/host/api/api.pb.go:143.3,143.12 1 0
github.com/owenthereal/upterm/host/api/api.pb.go:145.2,145.24 1 0
github.com/owenthereal/upterm/host/api/api.pb.go:149.57,151.2 1 0
github.com/owenthereal/upterm/host/api/api.pb.go:153.52,154.14 1 0
github.com/owenthereal/upterm/host/api/api.pb.go:154.14,156.3 1 0
github.com/owenthereal/upterm/host/api/api.pb.go:157.2,157.11 1 0
github.com/owenthereal/upterm/host/api/api.pb.go:160.52,161.14 1 0
github.com/owenthereal/upterm/host/api/api.pb.go:161.14,163.3 1 0
github.com/owenthereal/upterm/host/api/api.pb.go:164.2,164.12 1 0
github.com/owenthereal/upterm/host/api/api.pb.go:167.57,168.14 1 0
github.com/owenthereal/upterm/host/api/api.pb.go:168.14,170.3 1 0
github.com/owenthereal/upterm/host/api/api.pb.go:171.2,171.12 1 0
github.com/owenthereal/upterm/host/api/api.pb.go:174.47,175.14 1 0
github.com/owenthereal/upterm/host/api/api.pb.go:175.14,177.3 1 0
github.com/owenthereal/upterm/host/api/api.pb.go:178.2,178.11 1 0
github.com/owenthereal/upterm/host/api/api.pb.go:181.51,182.14 1 0
github.com/owenthereal/upterm/host/api/api.pb.go:182.14,184.3 1 0
github.com/owenthereal/upterm/host/api/api.pb.go:185.2,185.11 1 0
github.com/owenthereal/upterm/host/api/api.pb.go:188.62,189.14 1 0
github.com/owenthereal/upterm/host/api/api.pb.go:189.14,191.3 1 0
github.com/owenthereal/upterm/host/api/api.pb.go:192.2,192.12 1 0
github.com/owenthereal/upterm/host/api/api.pb.go:195.67,196.14 1 0
github.com/owenthereal/upterm/host/api/api.pb.go:196.14,198.3 1 0
github.com/owenthereal/upterm/host/api/api.pb.go:199.2,199.12 1 0
github.com/owenthereal/upterm/host/api/api.pb.go:211.33,213.29 2 0
github.com/owenthereal/upterm/host/api/api.pb.go:213.29,217.3 3 0
github.com/owenthereal/upterm/host/api/api.pb.go:220.41,222.2 1 0
github.com/owenthereal/upterm/host/api/api.pb.go:224.39,224.40 0 0
github.com/owenthereal/upterm/host/api/api.pb.go:226.61,228.41 2 0
github.com/owenthereal/upterm/host/api/api.pb.go:228.41,230.34 2 0
github.com/owenthereal/upterm/host/api/api.pb.go:230.34,232.4 1 0
github.com/owenthereal/upterm/host/api/api.pb.go:233.3,233.12 1 0
github.com/owenthereal/upterm/host/api/api.pb.go:235.2,235.24 1 0
github.com/owenthereal/upterm/host/api/api.pb.go:239.52,241.2 1 0
github.com/owenthereal/upterm/host/api/api.pb.go:243.61,244.14 1 0
github.com/owenthereal/upterm/host/api/api.pb.go:244.14,246.3 1 0
github.com/owenthereal/upterm/host/api/api.pb.go:247.2,247.12 1 0
github.com/owenthereal/upterm/host/api/api.pb.go:250.45,251.14 1 0
github.com/owenthereal/upterm/host/api/api.pb.go:251.14,253.3 1 0
github.com/owenthereal/upterm/host/api/api.pb.go:254.2,254.11 1 0
github.com/owenthereal/upterm/host/api/api.pb.go:268.26,270.29 2 0
github.com/owenthereal/upterm/host/api/api.pb.go:270.29,274.3 3 0
github.com/owenthereal/upterm/host/api/api.pb.go:277.34,279.2 1 0
github.com/owenthereal/upterm/host/api/api.pb.go:281.32,281.33 0 0
github.com/owenthereal/upterm/host/api/api.pb.go:283.54,285.41 2 0
github.com/owenthereal/upterm/host/api/api.pb.go:285.41,287.34 2 0
github.com/owenthereal/upterm/host/api/api.pb.go:287.34,289.4 1 0
github.com/owenthereal/upterm/host/api/api.pb.go:290.3,290.12 1 0
github.com/owenthereal/upterm/host/api/api.pb.go:292.2,292.24 1 0
github.com/owenthereal/upterm/host/api/api.pb.go:296.45,298.2 1 0
github.com/owenthereal/upterm/host/api/api.pb.go:300.33,301.14 1 0
github.com/owenthereal/upterm/host/api/api.pb.go:301.14,303.3 1 0
github.com/owenthereal/upterm/host/api/api.pb.go:304.2,304.11 1 0
github.com/owenthereal/upterm/host/api/api.pb.go:307.38,308.14 1 0
github.com/owenthereal/upterm/host/api/api.pb.go:308.14,310.3 1 0
github.com/owenthereal/upterm/host/api/api.pb.go:311.2,311.11 1 0
github.com/owenthereal/upterm/host/api/api.pb.go:314.35,315.14 1 0
github.com/owenthereal/upterm/host/api/api.pb.go:315.14,317.3 1 0
github.com/owenthereal/upterm/host/api/api.pb.go:318.2,318.11 1 0
github.com/owenthereal/upterm/host/api/api.pb.go:321.51,322.14 1 0
github.com/owenthereal/upterm/host/api/api.pb.go:322.14,324.3 1 0
github.com/owenthereal/upterm/host/api/api.pb.go:325.2,325.11 1 0
github.com/owenthereal/upterm/host/api/api.pb.go:338.30,340.29 2 0
github.com/owenthereal/upterm/host/api/api.pb.go:340.29,344.3 3 0
github.com/owenthereal/upterm/host/api/api.pb.go:347.38,349.2 1 0
github.com/owenthereal/upterm/host/api/api.pb.go:351.36,351.37 0 0
github.com/owenthereal/upterm/host/api/api.pb.go:353.58,355.41 2 4
github.com/owenthereal/upterm/host/api/api.pb.go:355.41,357.34 2 4
github.com/owenthereal/upterm/host/api/api.pb.go:357.34,359.4 1 4
github.com/owenthereal/upterm/host/api/api.pb.go:360.3,360.12 1 4
github.com/owenthereal/upterm/host/api/api.pb.go:362.2,362.24 1 0
github.com/owenthereal/upterm/host/api/api.pb.go:366.49,368.2 1 0
github.com/owenthereal/upterm/host/api/api.pb.go:370.37,371.14 1 0
github.com/owenthereal/upterm/host/api/api.pb.go:371.14,373.3 1 0
github.com/owenthereal/upterm/host/api/api.pb.go:374.2,374.11 1 0
github.com/owenthereal/upterm/host/api/api.pb.go:377.48,378.14 1 0
github.com/owenthereal/upterm/host/api/api.pb.go:378.14,380.3 1 0
github.com/owenthereal/upterm/host/api/api.pb.go:381.2,381.24 1 0
github.com/owenthereal/upterm/host/api/api.pb.go:384.43,385.14 1 0
github.com/owenthereal/upterm/host/api/api.pb.go:385.14,387.3 1 0
github.com/owenthereal/upterm/host/api/api.pb.go:388.2,388.11 1 0
github.com/owenthereal/upterm/host/api/api.pb.go:452.42,453.39 1 0
github.com/owenthereal/upterm/host/api/api.pb.go:453.39,455.3 1 0
github.com/owenthereal/upterm/host/api/api.pb.go:456.2,456.35 1 0
github.com/owenthereal/upterm/host/api/api.pb.go:482.13,482.38 1 1
github.com/owenthereal/upterm/host/api/api.pb.go:483.28,484.27 1 1
github.com/owenthereal/upterm/host/api/api.pb.go:484.27,486.3 1 0
github.com/owenthereal/upterm/host/api/api.pb.go:487.2,487.30 1 1
github.com/owenthereal/upterm/host/api/api.pb.go:487.30,488.80 1 0
github.com/owenthereal/upterm/host/api/api.pb.go:488.80,489.42 1 0
github.com/owenthereal/upterm/host/api/api.pb.go:490.11,491.20 1 0
github.com/owenthereal/upterm/host/api/api.pb.go:492.11,493.24 1 0
github.com/owenthereal/upterm/host/api/api.pb.go:494.11,495.28 1 0
github.com/owenthereal/upterm/host/api/api.pb.go:496.12,497.15 1 0
github.com/owenthereal/upterm/host/api/api.pb.go:500.3,500.80 1 0
github.com/owenthereal/upterm/host/api/api.pb.go:500.80,501.43 1 0
github.com/owenthereal/upterm/host/api/api.pb.go:502.11,503.20 1 0
github.com/owenthereal/upterm/host/api/api.pb.go:504.11,505.24 1 0
github.com/owenthereal/upterm/host/api/api.pb.go:506.11,507.28 1 0
github.com/owenthereal/upterm/host/api/api.pb.go:508.12,509.15 1 0
github.com/owenthereal/upterm/host/api/api.pb.go:512.3,512.80 1 0
github.com/owenthereal/upterm/host/api/api.pb.go:512.80,513.38 1 0
github.com/owenthereal/upterm/host/api/api.pb.go:514.11,515.20 1 0
github.com/owenthereal/upterm/host/api/api.pb.go:516.11,517.24 1 0
github.com/owenthereal/upterm/host/api/api.pb.go:518.11,519.28 1 0
github.com/owenthereal/upterm/host/api/api.pb.go:520.12,521.15 1 0
github.com/owenthereal/upterm/host/api/api.pb.go:524.3,524.80 1 0
github.com/owenthereal/upterm/host/api/api.pb.go:524.80,525.31 1 0
github.com/owenthereal/upterm/host/api/api.pb.go:526.11,527.20 1 0
github.com/owenthereal/upterm/host/api/api.pb.go:528.11,529.24 1 0
github.com/owenthereal/upterm/host/api/api.pb.go:530.11,531.28 1 0
github.com/owenthereal/upterm/host/api/api.pb.go:532.12,533.15 1 0
github.com/owenthereal/upterm/host/api/api.pb.go:536.3,536.80 1 0
github.com/owenthereal/upterm/host/api/api.pb.go:536.80,537.35 1 0
github.com/owenthereal/upterm/host/api/api.pb.go:538.11,539.20 1 0
github.com/owenthereal/upterm/host/api/api.pb.go:540.11,541.24 1 0
github.com/owenthereal/upterm/host/api/api.pb.go:542.11,543.28 1 0
github.com/owenthereal/upterm/host/api/api.pb.go:544.12,545.15 1 0
github.com/owenthereal/upterm/host/api/api.pb.go:549.2,567.30 6 1
github.com/owenthereal/upterm/host/api/api_grpc.pb.go:32.76,34.2 1 0
github.com/owenthereal/upterm/host/api/api_grpc.pb.go:36.139,39.16 3 0
github.com/owenthereal/upterm/host/api/api_grpc.pb.go:39.16,41.3 1 0
github.com/owenthereal/upterm/host/api/api_grpc.pb.go:42.2,42.17 1 0
github.com/owenthereal/upterm/host/api/api_grpc.pb.go:56.117,58.2 1 0
github.com/owenthereal/upterm/host/api/api_grpc.pb.go:67.82,69.2 1 0
github.com/owenthereal/upterm/host/api/api_grpc.pb.go:71.168,73.32 2 0
github.com/owenthereal/upterm/host/api/api_grpc.pb.go:73.32,75.3 1 0
github.com/owenthereal/upterm/host/api/api_grpc.pb.go:76.2,76.24 1 0
github.com/owenthereal/upterm/host/api/api_grpc.pb.go:76.24,78.3 1 0
github.com/owenthereal/upterm/host/api/api_grpc.pb.go:79.2,83.77 2 0
github.com/owenthereal/upterm/host/api/api_grpc.pb.go:83.77,85.3 1 0
github.com/owenthereal/upterm/host/api/api_grpc.pb.go:86.2,86.44 1 0
github.com/owenthereal/upterm/host/api/encoding.go:10.75,18.2 2 0
github.com/owenthereal/upterm/host/api/encoding.go:20.55,22.34 2 2
github.com/owenthereal/upterm/host/api/encoding.go:22.34,24.3 1 1
github.com/owenthereal/upterm/host/api/encoding.go:26.2,26.20 1 2
github.com/owenthereal/upterm/host/api/encoding.go:29.70,31.50 2 2
github.com/owenthereal/upterm/host/api/encoding.go:31.50,33.3 1 1
github.com/owenthereal/upterm/host/api/encoding.go:35.2,41.21 3 2
github.com/owenthereal/upterm/host/api/encoding.go:41.21,43.17 2 1
github.com/owenthereal/upterm/host/api/encoding.go:43.17,45.4 1 0
github.com/owenthereal/upterm/host/api/encoding.go:48.2,52.8 1 2
github.com/owenthereal/upterm/memlistener/memlistener.go:22.30,22.46 1 0
github.com/owenthereal/upterm/memlistener/memlistener.go:23.30,23.46 1 3
github.com/owenthereal/upterm/memlistener/memlistener.go:29.49,31.2 1 2
github.com/owenthereal/upterm/memlistener/memlistener.go:37.45,39.2 1 2
github.com/owenthereal/upterm/memlistener/memlistener.go:41.28,43.2 1 3
github.com/owenthereal/upterm/memlistener/memlistener.go:49.80,51.2 1 3
github.com/owenthereal/upterm/memlistener/memlistener.go:53.91,54.17 1 3
github.com/owenthereal/upterm/memlistener/memlistener.go:55.23,55.23 0 3
github.com/owenthereal/upterm/memlistener/memlistener.go:56.10,57.121 1 0
github.com/owenthereal/upterm/memlistener/memlistener.go:60.2,60.19 1 3
github.com/owenthereal/upterm/memlistener/memlistener.go:60.19,62.3 1 0
github.com/owenthereal/upterm/memlistener/memlistener.go:64.2,70.12 3 3
github.com/owenthereal/upterm/memlistener/memlistener.go:70.12,72.3 1 1
github.com/owenthereal/upterm/memlistener/memlistener.go:74.2,74.35 1 2
github.com/owenthereal/upterm/memlistener/memlistener.go:77.74,78.17 1 1
github.com/owenthereal/upterm/memlistener/memlistener.go:79.23,79.23 0 1
github.com/owenthereal/upterm/memlistener/memlistener.go:80.10,81.122 1 0
github.com/owenthereal/upterm/memlistener/memlistener.go:84.2,84.19 1 1
github.com/owenthereal/upterm/memlistener/memlistener.go:84.19,86.3 1 0
github.com/owenthereal/upterm/memlistener/memlistener.go:88.2,89.12 2 1
github.com/owenthereal/upterm/memlistener/memlistener.go:89.12,91.3 1 1
github.com/owenthereal/upterm/memlistener/memlistener.go:93.2,95.18 2 0
github.com/owenthereal/upterm/memlistener/memlistener.go:98.57,100.2 1 2
github.com/owenthereal/upterm/memlistener/memlistener.go:108.37,111.2 2 2
github.com/owenthereal/upterm/io/reader.go:8.67,13.2 1 4
github.com/owenthereal/upterm/io/reader.go:25.58,28.49 2 6
github.com/owenthereal/upterm/io/reader.go:28.49,33.10 2 6
github.com/owenthereal/upterm/io/reader.go:34.21,35.10 1 1
github.com/owenthereal/upterm/io/reader.go:36.11,36.11 0 5
github.com/owenthereal/upterm/io/reader.go:39.3,40.26 2 5
github.com/owenthereal/upterm/io/reader.go:43.2,43.9 1 6
github.com/owenthereal/upterm/io/reader.go:44.17,45.22 1 3
github.com/owenthereal/upterm/io/reader.go:46.22,47.24 1 3
github.com/owenthereal/upterm/io/writer.go:15.35,20.28 3 4
github.com/owenthereal/upterm/io/writer.go:20.28,22.3 1 3
github.com/owenthereal/upterm/io/writer.go:24.2,27.31 3 4
github.com/owenthereal/upterm/io/writer.go:30.29,35.2 3 2
github.com/owenthereal/upterm/io/writer.go:37.34,43.2 4 2
github.com/owenthereal/upterm/io/writer.go:45.72,50.2 1 1
github.com/owenthereal/upterm/io/writer.go:61.58,63.25 1 2
github.com/owenthereal/upterm/io/writer.go:63.25,64.29 1 2
github.com/owenthereal/upterm/io/writer.go:64.29,65.38 1 2
github.com/owenthereal/upterm/io/writer.go:65.38,67.19 2 4
github.com/owenthereal/upterm/io/writer.go:67.19,69.6 1 0
github.com/owenthereal/upterm/io/writer.go:74.2,78.12 4 2
github.com/owenthereal/upterm/io/writer.go:81.52,85.42 3 1
github.com/owenthereal/upterm/io/writer.go:85.42,86.29 1 2
github.com/owenthereal/upterm/io/writer.go:86.29,87.25 1 2
github.com/owenthereal/upterm/io/writer.go:87.25,89.10 2 1
github.com/owenthereal/upterm/io/writer.go:95.58,101.30 4 4
github.com/owenthereal/upterm/io/writer.go:101.30,103.17 2 8
github.com/owenthereal/upterm/io/writer.go:103.17,105.4 1 0
github.com/owenthereal/upterm/io/writer.go:106.3,106.18 1 8
github.com/owenthereal/upterm/io/writer.go:106.18,109.4 2 0
github.com/owenthereal/upterm/io/writer.go:112.2,112.20 1 4
github.com/owenthereal/upterm/server/cert.go:23.109,25.9 2 5
github.com/owenthereal/upterm/server/cert.go:25.9,26.31 1 1
github.com/owenthereal/upterm/server/cert.go:26.31,29.4 2 1
github.com/owenthereal/upterm/server/cert.go:31.3,31.55 1 0
github.com/owenthereal/upterm/server/cert.go:34.2,34.45 1 4
github.com/owenthereal/upterm/server/cert.go:39.109,42.35 2 4
github.com/owenthereal/upterm/server/cert.go:42.35,44.3 1 0
github.com/owenthereal/upterm/server/cert.go:46.2,47.59 2 4
github.com/owenthereal/upterm/server/cert.go:47.59,49.3 1 0
github.com/owenthereal/upterm/server/cert.go:51.2,51.40 1 4
github.com/owenthereal/upterm/server/cert.go:51.40,53.3 1 0
github.com/owenthereal/upterm/server/cert.go:55.2,56.9 2 4
github.com/owenthereal/upterm/server/cert.go:56.9,58.3 1 1
github.com/owenthereal/upterm/server/cert.go:60.2,61.60 2 3
github.com/owenthereal/upterm/server/cert.go:61.60,63.3 1 0
github.com/owenthereal/upterm/server/cert.go:65.2,66.16 2 3
github.com/owenthereal/upterm/server/cert.go:66.16,68.3 1 0
github.com/owenthereal/upterm/server/cert.go:70.2,70.24 1 3
github.com/owenthereal/upterm/server/cert.go:79.74,81.16 2 3
github.com/owenthereal/upterm/server/cert.go:81.16,83.3 1 0
github.com/owenthereal/upterm/server/cert.go:85.2,100.59 4 3
github.com/owenthereal/upterm/server/cert.go:100.59,102.3 1 0
github.com/owenthereal/upterm/server/cert.go:104.2,105.16 2 3
github.com/owenthereal/upterm/server/cert.go:105.16,107.3 1 0
github.com/owenthereal/upterm/server/cert.go:109.2,109.16 1 3
github.com/owenthereal/upterm/server/cert.go:116.74,125.59 2 1
github.com/owenthereal/upterm/server/cert.go:125.59,127.3 1 0
github.com/owenthereal/upterm/server/cert.go:129.2,129.40 1 1
github.com/owenthereal/upterm/server/metrics.go:16.60,20.21 3 0
github.com/owenthereal/upterm/server/metrics.go:20.21,22.3 1 0
github.com/owenthereal/upterm/server/metrics.go:24.2,24.31 1 0
github.com/owenthereal/upterm/server/metrics.go:27.58,39.2 6 0
github.com/owenthereal/upterm/server/network.go:15.13,17.2 1 1
github.com/owenthereal/upterm/server/network.go:21.60,22.22 1 0
github.com/owenthereal/upterm/server/network.go:22.22,23.23 1 0
github.com/owenthereal/upterm/server/network.go:23.23,25.4 1 0
github.com/owenthereal/upterm/server/network.go:28.2,28.12 1 0
github.com/owenthereal/upterm/server/network.go:56.40,58.2 1 0
github.com/owenthereal/upterm/server/network.go:60.40,62.2 1 0
github.com/owenthereal/upterm/server/network.go:64.61,68.2 3 0
github.com/owenthereal/upterm/server/network.go:70.56,72.2 1 0
github.com/owenthereal/upterm/server/network.go:74.50,76.2 1 0
github.com/owenthereal/upterm/server/network.go:83.65,85.2 1 0
github.com/owenthereal/upterm/server/network.go:87.59,89.2 1 0
github.com/owenthereal/upterm/server/network.go:95.84,97.2 1 0
github.com/owenthereal/upterm/server/network.go:99.78,101.2 1 0
github.com/owenthereal/upterm/server/network.go:108.38,110.2 1 0
github.com/owenthereal/upterm/server/network.go:112.59,115.9 3 0
github.com/owenthereal/upterm/server/network.go:115.9,117.17 2 0
github.com/owenthereal/upterm/server/network.go:117.17,119.4 1 0
github.com/owenthereal/upterm/server/network.go:121.3,121.27 1 0
github.com/owenthereal/upterm/server/network.go:123.2,124.9 2 0
github.com/owenthereal/upterm/server/network.go:124.9,126.17 2 0
github.com/owenthereal/upterm/server/network.go:126.17,128.4 1 0
github.com/owenthereal/upterm/server/network.go:130.3,130.53 1 0
github.com/owenthereal/upterm/server/network.go:133.2,133.12 1 0
github.com/owenthereal/upterm/server/network.go:136.54,138.2 1 0
github.com/owenthereal/upterm/server/network.go:140.48,142.2 1 0
github.com/owenthereal/upterm/server/network.go:144.38,146.2 1 0
github.com/owenthereal/upterm/server/network.go:152.63,154.2 1 0
github.com/owenthereal/upterm/server/network.go:156.57,158.2 1 0
github.com/owenthereal/upterm/server/network.go:164.82,166.2 1 0
github.com/owenthereal/upterm/server/network.go:168.76,170.2 1 0
github.com/owenthereal/upterm/server/network.go:172.71,174.2 1 0
github.com/owenthereal/upterm/server/server.go:40.27,42.23 1 0
github.com/owenthereal/upterm/server/server.go:42.23,44.3 1 0
github.com/owenthereal/upterm/server/server.go:46.2,47.20 2 0
github.com/owenthereal/upterm/server/server.go:47.20,49.3 1 0
github.com/owenthereal/upterm/server/server.go:51.2,52.46 2 0
github.com/owenthereal/upterm/server/server.go:52.46,54.3 1 0
github.com/owenthereal/upterm/server/server.go:56.2,57.16 2 0
github.com/owenthereal/upterm/server/server.go:57.16,59.3 1 0
github.com/owenthereal/upterm/server/server.go:61.2,61.46 1 0
github.com/owenthereal/upterm/server/server.go:61.46,63.3 1 0
github.com/owenthereal/upterm/server/server.go:65.2,66.16 2 0
github.com/owenthereal/upterm/server/server.go:66.16,68.3 1 0
github.com/owenthereal/upterm/server/server.go:71.2,72.28 2 0
github.com/owenthereal/upterm/server/server.go:72.28,77.17 3 0
github.com/owenthereal/upterm/server/server.go:77.17,79.4 1 0
github.com/owenthereal/upterm/server/server.go:81.3,81.40 1 0
github.com/owenthereal/upterm/server/server.go:84.2,85.15 2 0
github.com/owenthereal/upterm/server/server.go:85.15,87.3 1 0
github.com/owenthereal/upterm/server/server.go:89.2,96.23 3 0
github.com/owenthereal/upterm/server/server.go:96.23,98.17 2 0
github.com/owenthereal/upterm/server/server.go:98.17,100.4 1 0
github.com/owenthereal/upterm/server/server.go:101.3,101.54 1 0
github.com/owenthereal/upterm/server/server.go:104.2,104.22 1 0
github.com/owenthereal/upterm/server/server.go:104.22,106.17 2 0
github.com/owenthereal/upterm/server/server.go:106.17,108.4 1 0
github.com/owenthereal/upterm/server/server.go:109.3,109.52 1 0
github.com/owenthereal/upterm/server/server.go:113.2,114.36 2 0
github.com/owenthereal/upterm/server/server.go:114.36,116.3 1 0
github.com/owenthereal/upterm/server/server.go:117.2,117.35 1 0
github.com/owenthereal/upterm/server/server.go:117.35,119.3 1 0
github.com/owenthereal/upterm/server/server.go:120.2,120.20 1 0
github.com/owenthereal/upterm/server/server.go:120.20,122.3 1 0
github.com/owenthereal/upterm/server/server.go:124.2,127.2 3 0
github.com/owenthereal/upterm/server/server.go:127.2,129.27 2 0
github.com/owenthereal/upterm/server/server.go:129.27,131.4 1 0
github.com/owenthereal/upterm/server/server.go:131.9,133.4 1 0
github.com/owenthereal/upterm/server/server.go:135.3,143.22 2 0
github.com/owenthereal/upterm/server/server.go:143.22,145.4 1 0
github.com/owenthereal/upterm/server/server.go:145.22,147.4 1 0
github.com/owenthereal/upterm/server/server.go:149.2,150.27 1 0
github.com/owenthereal/upterm/server/server.go:150.27,154.23 3 0
github.com/owenthereal/upterm/server/server.go:154.23,156.5 1 0
github.com/owenthereal/upterm/server/server.go:156.23,158.5 1 0
github.com/owenthereal/upterm/server/server.go:162.2,165.16 3 0
github.com/owenthereal/upterm/server/server.go:168.52,170.27 2 0
github.com/owenthereal/upterm/server/server.go:170.27,173.3 2 0
github.com/owenthereal/upterm/server/server.go:175.2,175.15 1 0
github.com/owenthereal/upterm/server/server.go:194.29,198.21 3 0
github.com/owenthereal/upterm/server/server.go:198.21,200.3 1 0
github.com/owenthereal/upterm/server/server.go:202.2,202.20 1 0
github.com/owenthereal/upterm/server/server.go:202.20,204.3 1 0
github.com/owenthereal/upterm/server/server.go:206.2,206.19 1 0
github.com/owenthereal/upterm/server/server.go:206.19,208.3 1 0
github.com/owenthereal/upterm/server/server.go:211.101,222.2 9 0
github.com/owenthereal/upterm/server/server.go:222.2,223.22 1 0
github.com/owenthereal/upterm/server/server.go:223.22,226.4 2 0
github.com/owenthereal/upterm/server/server.go:226.22,228.4 1 0
github.com/owenthereal/upterm/server/server.go:230.2,231.19 1 0
github.com/owenthereal/upterm/server/server.go:231.19,248.23 3 0
github.com/owenthereal/upterm/server/server.go:248.23,250.5 1 0
github.com/owenthereal/upterm/server/server.go:250.23,252.5 1 0
github.com/owenthereal/upterm/server/server.go:255.2,256.18 1 0
github.com/owenthereal/upterm/server/server.go:256.18,258.20 2 0
github.com/owenthereal/upterm/server/server.go:258.20,266.5 1 0
github.com/owenthereal/upterm/server/server.go:266.10,275.5 1 0
github.com/owenthereal/upterm/server/server.go:276.4,280.23 2 0
github.com/owenthereal/upterm/server/server.go:280.23,282.5 1 0
github.com/owenthereal/upterm/server/server.go:282.23,284.5 1 0
github.com/owenthereal/upterm/server/server.go:287.2,289.17 2 0
github.com/owenthereal/upterm/server/server.go:289.17,291.4 1 0
github.com/owenthereal/upterm/server/server.go:293.3,300.22 2 0
github.com/owenthereal/upterm/server/server.go:300.22,302.4 1 0
github.com/owenthereal/upterm/server/server.go:302.22,304.4 1 0
github.com/owenthereal/upterm/server/server.go:307.2,307.16 1 0
github.com/owenthereal/upterm/server/server.go:319.68,322.36 1 0
github.com/owenthereal/upterm/server/server.go:322.36,325.3 2 0
github.com/owenthereal/upterm/server/server.go:327.2,328.60 2 0
github.com/owenthereal/upterm/server/server.go:334.67,336.2 1 2
github.com/owenthereal/upterm/server/server.go:341.66,343.16 2 0
github.com/owenthereal/upterm/server/server.go:343.16,345.3 1 0
github.com/owenthereal/upterm/server/server.go:346.2,349.30 3 0
github.com/owenthereal/upterm/server/server.go:360.72,361.36 1 3
github.com/owenthereal/upterm/server/server.go:361.36,364.3 2 1
github.com/owenthereal/upterm/server/server.go:364.8,366.16 2 2
github.com/owenthereal/upterm/server/server.go:366.16,368.4 1 0
github.com/owenthereal/upterm/server/server.go:369.3,373.26 2 2
github.com/owenthereal/upterm/server/server.go:373.26,376.4 2 0
github.com/owenthereal/upterm/server/server.go:378.3,379.37 2 2
github.com/owenthereal/upterm/server/server.pb.go:33.40,35.29 2 0
github.com/owenthereal/upterm/server/server.pb.go:35.29,39.3 3 0
github.com/owenthereal/upterm/server/server.pb.go:42.48,44.2 1 0
github.com/owenthereal/upterm/server/server.pb.go:46.46,46.47 0 0
github.com/owenthereal/upterm/server/server.pb.go:48.68,50.41 2 0
github.com/owenthereal/upterm/server/server.pb.go:50.41,52.34 2 0
github.com/owenthereal/upterm/server/server.pb.go:52.34,54.4 1 0
github.com/owenthereal/upterm/server/server.pb.go:55.3,55.12 1 0
github.com/owenthereal/upterm/server/server.pb.go:57.2,57.24 1 0
github.com/owenthereal/upterm/server/server.pb.go:61.59,63.2 1 0
github.com/owenthereal/upterm/server/server.pb.go:65.53,66.14 1 0
github.com/owenthereal/upterm/server/server.pb.go:66.14,68.3 1 0
github.com/owenthereal/upterm/server/server.pb.go:69.2,69.11 1 0
github.com/owenthereal/upterm/server/server.pb.go:72.61,73.14 1 0
github.com/owenthereal/upterm/server/server.pb.go:73.14,75.3 1 0
github.com/owenthereal/upterm/server/server.pb.go:76.2,76.12 1 0
github.com/owenthereal/upterm/server/server.pb.go:79.67,80.14 1 0
github.com/owenthereal/upterm/server/server.pb.go:80.14,82.3 1 0
github.com/owenthereal/upterm/server/server.pb.go:83.2,83.12 1 0
github.com/owenthereal/upterm/server/server.pb.go:95.41,97.29 2 0
github.com/owenthereal/upterm/server/server.pb.go:97.29,101.3 3 0
github.com/owenthereal/upterm/server/server.pb.go:104.49,106.2 1 0
github.com/owenthereal/upterm/server/server.pb.go:108.47,108.48 0 0
github.com/owenthereal/upterm/server/server.pb.go:110.69,112.41 2 0
github.com/owenthereal/upterm/server/server.pb.go:112.41,114.34 2 0
github.com/owenthereal/upterm/server/server.pb.go:114.34,116.4 1 0
github.com/owenthereal/upterm/server/server.pb.go:117.3,117.12 1 0
github.com/owenthereal/upterm/server/server.pb.go:119.2,119.24 1 0
github.com/owenthereal/upterm/server/server.pb.go:123.60,125.2 1 0
github.com/owenthereal/upterm/server/server.pb.go:127.55,128.14 1 0
github.com/owenthereal/upterm/server/server.pb.go:128.14,130.3 1 0
github.com/owenthereal/upterm/server/server.pb.go:131.2,131.11 1 0
github.com/owenthereal/upterm/server/server.pb.go:134.54,135.14 1 0
github.com/owenthereal/upterm/server/server.pb.go:135.14,137.3 1 0
github.com/owenthereal/upterm/server/server.pb.go:138.2,138.11 1 0
github.com/owenthereal/upterm/server/server.pb.go:151.31,153.29 2 3
github.com/owenthereal/upterm/server/server.pb.go:153.29,157.3 3 3
github.com/owenthereal/upterm/server/server.pb.go:160.39,162.2 1 0
github.com/owenthereal/upterm/server/server.pb.go:164.37,164.38 0 0
github.com/owenthereal/upterm/server/server.pb.go:166.59,168.41 2 6
github.com/owenthereal/upterm/server/server.pb.go:168.41,170.34 2 6
github.com/owenthereal/upterm/server/server.pb.go:170.34,172.4 1 6
github.com/owenthereal/upterm/server/server.pb.go:173.3,173.12 1 6
github.com/owenthereal/upterm/server/server.pb.go:175.2,175.24 1 0
github.com/owenthereal/upterm/server/server.pb.go:179.50,181.2 1 0
github.com/owenthereal/upterm/server/server.pb.go:183.49,184.14 1 0
github.com/owenthereal/upterm/server/server.pb.go:184.14,186.3 1 0
github.com/owenthereal/upterm/server/server.pb.go:187.2,187.11 1 0
github.com/owenthereal/upterm/server/server.pb.go:190.46,191.14 1 0
github.com/owenthereal/upterm/server/server.pb.go:191.14,193.3 1 0
github.com/owenthereal/upterm/server/server.pb.go:194.2,194.11 1 0
github.com/owenthereal/upterm/server/server.pb.go:197.49,198.14 1 0
github.com/owenthereal/upterm/server/server.pb.go:198.14,200.3 1 0
github.com/owenthereal/upterm/server/server.pb.go:201.2,201.12 1 0
github.com/owenthereal/upterm/server/server.pb.go:241.45,242.42 1 0
github.com/owenthereal/upterm/server/server.pb.go:242.42,244.3 1 0
github.com/owenthereal/upterm/server/server.pb.go:245.2,245.38 1 0
github.com/owenthereal/upterm/server/server.pb.go:262.13,262.41 1 1
github.com/owenthereal/upterm/server/server.pb.go:263.31,264.30 1 1
github.com/owenthereal/upterm/server/server.pb.go:264.30,266.3 1 0
github.com/owenthereal/upterm/server/server.pb.go:267.2,267.30 1 1
github.com/owenthereal/upterm/server/server.pb.go:267.30,268.83 1 0
github.com/owenthereal/upterm/server/server.pb.go:268.83,269.45 1 0
github.com/owenthereal/upterm/server/server.pb.go:270.11,271.20 1 0
github.com/owenthereal/upterm/server/server.pb.go:272.11,273.24 1 0
github.com/owenthereal/upterm/server/server.pb.go:274.11,275.28 1 0
github.com/owenthereal/upterm/server/server.pb.go:276.12,277.15 1 0
github.com/owenthereal/upterm/server/server.pb.go:280.3,280.83 1 0
github.com/owenthereal/upterm/server/server.pb.go:280.83,281.46 1 0
github.com/owenthereal/upterm/server/server.pb.go:282.11,283.20 1 0
github.com/owenthereal/upterm/server/server.pb.go:284.11,285.24 1 0
github.com/owenthereal/upterm/server/server.pb.go:286.11,287.28 1 0
github.com/owenthereal/upterm/server/server.pb.go:288.12,289.15 1 0
github.com/owenthereal/upterm/server/server.pb.go:292.3,292.83 1 0
github.com/owenthereal/upterm/server/server.pb.go:292.83,293.36 1 0
github.com/owenthereal/upterm/server/server.pb.go:294.11,295.20 1 0
github.com/owenthereal/upterm/server/server.pb.go:296.11,297.24 1 0
github.com/owenthereal/upterm/server/server.pb.go:298.11,299.28 1 0
github.com/owenthereal/upterm/server/server.pb.go:300.12,301.15 1 0
github.com/owenthereal/upterm/server/server.pb.go:305.2,322.33 6 1
github.com/owenthereal/upterm/server/session.go:18.61,19.38 1 0
github.com/owenthereal/upterm/server/session.go:19.38,21.3 1 0
github.com/owenthereal/upterm/server/session.go:23.2,23.43 1 0
github.com/owenthereal/upterm/server/session.go:23.43,24.30 1 0
github.com/owenthereal/upterm/server/session.go:24.30,26.4 1 0
github.com/owenthereal/upterm/server/session.go:29.2,29.14 1 0
github.com/owenthereal/upterm/server/session.go:32.103,38.35 2 0
github.com/owenthereal/upterm/server/session.go:38.35,40.17 2 0
github.com/owenthereal/upterm/server/session.go:40.17,42.4 1 0
github.com/owenthereal/upterm/server/session.go:43.3,43.24 1 0
github.com/owenthereal/upterm/server/session.go:46.2,46.41 1 0
github.com/owenthereal/upterm/server/session.go:46.41,48.17 2 0
github.com/owenthereal/upterm/server/session.go:48.17,50.4 1 0
github.com/owenthereal/upterm/server/session.go:51.3,51.24 1 0
github.com/owenthereal/upterm/server/session.go:54.2,59.8 1 0
github.com/owenthereal/upterm/server/session.go:62.36,66.2 1 0
github.com/owenthereal/upterm/server/session.go:73.47,78.8 4 0
github.com/owenthereal/upterm/server/session.go:78.8,80.3 1 0
github.com/owenthereal/upterm/server/session.go:82.2,83.12 2 0
github.com/owenthereal/upterm/server/session.go:86.56,91.9 4 0
github.com/owenthereal/upterm/server/session.go:91.9,93.3 1 0
github.com/owenthereal/upterm/server/session.go:95.2,95.19 1 0
github.com/owenthereal/upterm/server/session.go:98.41,103.2 3 0
github.com/owenthereal/upterm/server/sshd.go:36.33,40.21 3 0
github.com/owenthereal/upterm/server/sshd.go:40.21,45.3 3 0
github.com/owenthereal/upterm/server/sshd.go:47.2,47.12 1 0
github.com/owenthereal/upterm/server/sshd.go:50.45,52.39 2 2
github.com/owenthereal/upterm/server/sshd.go:52.39,54.3 1 2
github.com/owenthereal/upterm/server/sshd.go:56.2,64.32 3 2
github.com/owenthereal/upterm/server/sshd.go:64.32,66.4 1 0
github.com/owenthereal/upterm/server/sshd.go:67.60,69.4 1 2
github.com/owenthereal/upterm/server/sshd.go:70.67,75.4 2 5
github.com/owenthereal/upterm/server/sshd.go:76.131,79.4 2 0
github.com/owenthereal/upterm/server/sshd.go:80.67,83.18 3 3
github.com/owenthereal/upterm/server/sshd.go:83.18,86.5 2 0
github.com/owenthereal/upterm/server/sshd.go:90.4,90.15 1 3
github.com/owenthereal/upterm/server/sshd.go:99.2,101.27 2 2
github.com/owenthereal/upterm/server/sshd.go:104.106,106.63 2 0
github.com/owenthereal/upterm/server/sshd.go:106.63,108.3 1 0
github.com/owenthereal/upterm/server/sshd.go:110.2,116.16 2 0
github.com/owenthereal/upterm/server/sshd.go:116.16,118.3 1 0
github.com/owenthereal/upterm/server/sshd.go:120.2,120.49 1 0
github.com/owenthereal/upterm/server/sshd.go:120.49,122.3 1 0
github.com/owenthereal/upterm/server/sshd.go:124.2,130.16 3 0
github.com/owenthereal/upterm/server/sshd.go:130.16,132.3 1 0
github.com/owenthereal/upterm/server/sshd.go:134.2,134.16 1 0
github.com/owenthereal/upterm/server/sshhandler.go:33.30,40.2 1 2
github.com/owenthereal/upterm/server/sshhandler.go:50.126,53.6 2 0
github.com/owenthereal/upterm/server/sshhandler.go:53.6,55.17 2 0
github.com/owenthereal/upterm/server/sshhandler.go:55.17,57.4 1 0
github.com/owenthereal/upterm/server/sshhandler.go:59.3,59.53 1 0
github.com/owenthereal/upterm/server/sshhandler.go:59.53,64.18 3 0
github.com/owenthereal/upterm/server/sshhandler.go:64.18,68.5 3 0
github.com/owenthereal/upterm/server/sshhandler.go:70.4,70.23 1 0
github.com/owenthereal/upterm/server/sshhandler.go:70.23,73.5 2 0
github.com/owenthereal/upterm/server/sshhandler.go:75.4,76.4 2 0
github.com/owenthereal/upterm/server/sshhandler.go:76.4,77.24 1 0
github.com/owenthereal/upterm/server/sshhandler.go:77.24,80.6 2 0
github.com/owenthereal/upterm/server/sshhandler.go:80.24,82.6 1 0
github.com/owenthereal/upterm/server/sshhandler.go:84.4,85.24 1 0
github.com/owenthereal/upterm/server/sshhandler.go:85.24,88.6 2 0
github.com/owenthereal/upterm/server/sshhandler.go:88.24,90.6 1 0
github.com/owenthereal/upterm/server/sshhandler.go:92.4,93.24 1 0
github.com/owenthereal/upterm/server/sshhandler.go:93.24,96.6 2 0
github.com/owenthereal/upterm/server/sshhandler.go:96.24,98.6 1 0
github.com/owenthereal/upterm/server/sshhandler.go:101.4,101.34 1 0
github.com/owenthereal/upterm/server/sshhandler.go:101.34,103.5 1 0
github.com/owenthereal/upterm/server/sshhandler.go:108.114,109.18 1 0
github.com/owenthereal/upterm/server/sshhandler.go:110.37,112.67 2 0
github.com/owenthereal/upterm/server/sshhandler.go:112.67,115.4 2 0
github.com/owenthereal/upterm/server/sshhandler.go:117.3,117.116 1 0
github.com/owenthereal/upterm/server/sshhandler.go:117.116,119.4 1 0
github.com/owenthereal/upterm/server/sshhandler.go:121.3,125.57 3 0
github.com/owenthereal/upterm/server/sshhandler.go:125.57,127.4 1 0
github.com/owenthereal/upterm/server/sshhandler.go:129.3,130.17 2 0
github.com/owenthereal/upterm/server/sshhandler.go:130.17,133.4 2 0
github.com/owenthereal/upterm/server/sshhandler.go:135.3,138.3 3 0
github.com/owenthereal/upterm/server/sshhandler.go:138.3,139.23 1 0
github.com/owenthereal/upterm/server/sshhandler.go:139.23,142.5 2 0
github.com/owenthereal/upterm/server/sshhandler.go:142.23,144.5 1 0
github.com/owenthereal/upterm/server/sshhandler.go:146.3,147.23 1 0
github.com/owenthereal/upterm/server/sshhandler.go:147.23,149.5 1 0
github.com/owenthereal/upterm/server/sshhandler.go:149.23,151.5 1 0
github.com/owenthereal/upterm/server/sshhandler.go:154.3,154.29 1 0
github.com/owenthereal/upterm/server/sshhandler.go:154.29,155.34 1 0
github.com/owenthereal/upterm/server/sshhandler.go:155.34,157.5 1 0
github.com/owenthereal/upterm/server/sshhandler.go:160.3,160.19 1 0
github.com/owenthereal/upterm/server/sshhandler.go:161.43,163.67 2 0
github.com/owenthereal/upterm/server/sshhandler.go:163.67,166.4 2 0
github.com/owenthereal/upterm/server/sshhandler.go:168.3,171.19 3 0
github.com/owenthereal/upterm/server/sshhandler.go:173.10,174.20 1 0
github.com/owenthereal/upterm/server/sshhandler.go:178.86,182.2 3 0
github.com/owenthereal/upterm/server/sshhandler.go:184.69,189.8 4 0
github.com/owenthereal/upterm/server/sshhandler.go:189.8,191.3 1 0
github.com/owenthereal/upterm/server/sshhandler.go:193.2,195.33 2 0
github.com/owenthereal/upterm/server/sshproxy.go:28.37,32.22 3 0
github.com/owenthereal/upterm/server/sshproxy.go:32.22,34.3 1 0
github.com/owenthereal/upterm/server/sshproxy.go:36.2,36.12 1 0
github.com/owenthereal/upterm/server/sshproxy.go:39.49,56.2 4 1
github.com/owenthereal/upterm/server/sshproxy.go:66.137,68.80 1 2
github.com/owenthereal/upterm/server/sshproxy.go:68.80,70.4 1 1
github.com/owenthereal/upterm/server/sshproxy.go:72.2,73.35 2 2
github.com/owenthereal/upterm/server/sshproxy.go:73.35,75.3 1 1
github.com/owenthereal/upterm/server/sshproxy.go:76.2,76.16 1 2
github.com/owenthereal/upterm/server/sshproxy.go:76.16,78.3 1 0
github.com/owenthereal/upterm/server/sshproxy.go:81.2,81.16 1 2
github.com/owenthereal/upterm/server/sshproxy.go:81.16,83.3 1 0
github.com/owenthereal/upterm/server/sshproxy.go:85.2,85.17 1 2
github.com/owenthereal/upterm/server/sshproxy.go:85.17,91.3 1 2
github.com/owenthereal/upterm/server/sshproxy.go:93.2,94.16 2 2
github.com/owenthereal/upterm/server/sshproxy.go:94.16,96.3 1 0
github.com/owenthereal/upterm/server/sshproxy.go:98.2,98.58 1 2
github.com/owenthereal/upterm/server/sshproxy.go:98.58,100.3 1 0
github.com/owenthereal/upterm/server/sshproxy.go:102.2,103.16 2 2
github.com/owenthereal/upterm/server/sshproxy.go:103.16,105.3 1 0
github.com/owenthereal/upterm/server/sshproxy.go:107.2,108.16 2 2
github.com/owenthereal/upterm/server/sshproxy.go:108.16,110.3 1 0
github.com/owenthereal/upterm/server/sshproxy.go:112.2,112.79 1 2
github.com/owenthereal/upterm/server/sshproxy.go:112.79,113.22 1 2
github.com/owenthereal/upterm/server/sshproxy.go:113.22,115.36 1 2
github.com/owenthereal/upterm/server/sshproxy.go:115.36,116.44 1 2
github.com/owenthereal/upterm/server/sshproxy.go:116.44,118.6 1 2
github.com/owenthereal/upterm/server/sshproxy.go:120.9,121.47 1 0
github.com/owenthereal/upterm/server/sshproxy.go:121.47,122.33 1 0
github.com/owenthereal/upterm/server/sshproxy.go:122.33,124.6 1 0
github.com/owenthereal/upterm/server/sshproxy.go:128.3,128.46 1 0
github.com/owenthereal/upterm/server/sshproxy.go:131.2,138.8 1 2
github.com/owenthereal/upterm/server/sshproxy.go:141.75,147.16 3 2
github.com/owenthereal/upterm/server/sshproxy.go:147.16,149.3 1 0
github.com/owenthereal/upterm/server/sshproxy.go:151.2,152.16 2 2
github.com/owenthereal/upterm/server/sshproxy.go:152.16,154.3 1 0
github.com/owenthereal/upterm/server/sshproxy.go:156.2,156.15 1 2
github.com/owenthereal/upterm/server/sshproxy.go:159.103,161.30 2 2
github.com/owenthereal/upterm/server/sshproxy.go:161.30,169.17 3 2
github.com/owenthereal/upterm/server/sshproxy.go:169.17,171.4 1 0
github.com/owenthereal/upterm/server/sshproxy.go:173.3,173.40 1 2
github.com/owenthereal/upterm/server/sshproxy.go:176.2,176.25 1 2
github.com/owenthereal/upterm/server/sshproxy.go:181.74,184.16 3 2
github.com/owenthereal/upterm/server/sshproxy.go:184.16,186.3 1 0
github.com/owenthereal/upterm/server/sshproxy.go:191.2,191.67 1 2
github.com/owenthereal/upterm/server/sshproxy.go:191.67,193.3 1 2
github.com/owenthereal/upterm/server/sshproxy.go:195.2,195.33 1 0
github.com/owenthereal/upterm/server/sshrouting.go:41.72,49.2 1 1
github.com/owenthereal/upterm/server/sshrouting.go:51.51,61.34 5 1
github.com/owenthereal/upterm/server/sshrouting.go:61.34,63.3 1 1
github.com/owenthereal/upterm/server/sshrouting.go:65.2,68.6 3 1
github.com/owenthereal/upterm/server/sshrouting.go:68.6,70.17 2 4
github.com/owenthereal/upterm/server/sshrouting.go:70.17,71.11 1 1
github.com/owenthereal/upterm/server/sshrouting.go:72.27,73.28 1 0
github.com/owenthereal/upterm/server/sshrouting.go:74.12,74.12 0 1
github.com/owenthereal/upterm/server/sshrouting.go:77.4,77.53 1 1
github.com/owenthereal/upterm/server/sshrouting.go:77.53,78.23 1 0
github.com/owenthereal/upterm/server/sshrouting.go:78.23,80.6 1 0
github.com/owenthereal/upterm/server/sshrouting.go:80.11,82.6 1 0
github.com/owenthereal/upterm/server/sshrouting.go:83.5,83.48 1 0
github.com/owenthereal/upterm/server/sshrouting.go:83.48,85.6 1 0
github.com/owenthereal/upterm/server/sshrouting.go:86.5,88.13 3 0
github.com/owenthereal/upterm/server/sshrouting.go:91.4,93.14 3 1
github.com/owenthereal/upterm/server/sshrouting.go:96.3,99.73 3 3
github.com/owenthereal/upterm/server/sshrouting.go:99.73,110.14 8 3
github.com/owenthereal/upterm/server/sshrouting.go:110.14,111.18 1 3
github.com/owenthereal/upterm/server/sshrouting.go:111.18,114.6 2 3
github.com/owenthereal/upterm/server/sshrouting.go:116.5,117.19 2 3
github.com/owenthereal/upterm/server/sshrouting.go:117.19,120.6 2 1
github.com/owenthereal/upterm/server/sshrouting.go:122.5,122.15 1 2
github.com/owenthereal/upterm/server/sshrouting.go:125.4,125.11 1 3
github.com/owenthereal/upterm/server/sshrouting.go:126.23,129.37 2 2
github.com/owenthereal/upterm/server/sshrouting.go:129.37,132.6 2 0
github.com/owenthereal/upterm/server/sshrouting.go:133.25,135.23 2 1
github.com/owenthereal/upterm/server/sshrouting.go:136.47,138.35 2 0
github.com/owenthereal/upterm/server/sshrouting.go:144.39,151.2 5 0
github.com/owenthereal/upterm/server/sshrouting.go:153.52,158.2 3 1
github.com/owenthereal/upterm/server/sshrouting.go:160.56,161.23 1 1
github.com/owenthereal/upterm/server/sshrouting.go:161.23,163.3 1 1
github.com/owenthereal/upterm/server/sshrouting.go:165.2,165.19 1 1
github.com/owenthereal/upterm/server/sshrouting.go:168.44,170.9 2 0
github.com/owenthereal/upterm/server/sshrouting.go:171.12,171.12 0 0
github.com/owenthereal/upterm/server/sshrouting.go:173.10,176.12 1 0
github.com/owenthereal/upterm/server/sshrouting.go:180.51,182.2 1 0
github.com/owenthereal/upterm/server/wsproxy.go:28.46,29.71 1 0
github.com/owenthereal/upterm/server/wsproxy.go:29.71,30.57 1 0
github.com/owenthereal/upterm/server/wsproxy.go:30.57,33.4 2 0
github.com/owenthereal/upterm/server/wsproxy.go:35.3,41.47 3 0
github.com/owenthereal/upterm/server/wsproxy.go:45.55,56.2 4 0
github.com/owenthereal/upterm/server/wsproxy.go:58.43,62.18 3 0
github.com/owenthereal/upterm/server/wsproxy.go:62.18,67.3 3 0
github.com/owenthereal/upterm/server/wsproxy.go:69.2,69.12 1 0
github.com/owenthereal/upterm/server/wsproxy.go:75.46,75.61 1 1
github.com/owenthereal/upterm/server/wsproxy.go:86.71,88.25 2 1
github.com/owenthereal/upterm/server/wsproxy.go:88.25,91.3 2 0
github.com/owenthereal/upterm/server/wsproxy.go:93.2,94.9 2 1
github.com/owenthereal/upterm/server/wsproxy.go:94.9,97.3 2 0
github.com/owenthereal/upterm/server/wsproxy.go:99.2,100.16 2 1
github.com/owenthereal/upterm/server/wsproxy.go:100.16,103.3 2 0
github.com/owenthereal/upterm/server/wsproxy.go:104.2,108.16 4 1
github.com/owenthereal/upterm/server/wsproxy.go:108.16,111.3 2 0
github.com/owenthereal/upterm/server/wsproxy.go:113.2,114.16 2 1
github.com/owenthereal/upterm/server/wsproxy.go:114.16,117.3 2 0
github.com/owenthereal/upterm/server/wsproxy.go:119.2,120.15 2 1
github.com/owenthereal/upterm/server/wsproxy.go:120.15,123.3 2 0
github.com/owenthereal/upterm/server/wsproxy.go:125.2,126.2 2 1
github.com/owenthereal/upterm/server/wsproxy.go:126.2,127.22 1 1
github.com/owenthereal/upterm/server/wsproxy.go:127.22,130.4 2 1
github.com/owenthereal/upterm/server/wsproxy.go:130.22,132.4 1 0
github.com/owenthereal/upterm/server/wsproxy.go:134.2,135.22 1 1
github.com/owenthereal/upterm/server/wsproxy.go:135.22,138.4 2 1
github.com/owenthereal/upterm/server/wsproxy.go:138.22,140.4 1 0
github.com/owenthereal/upterm/server/wsproxy.go:143.2,143.32 1 1
github.com/owenthereal/upterm/server/wsproxy.go:143.32,145.3 1 0
github.com/owenthereal/upterm/server/wsproxy.go:148.65,152.2 3 0
github.com/owenthereal/upterm/server/wsproxy.go:154.72,157.2 2 0
